TN:
SF:assets\js\analytics-module.js
FN:16,(anonymous_0)
FN:23,renderAnalyticsDashboard
FN:27,(anonymous_2)
FN:34,(anonymous_3)
FN:48,(anonymous_4)
FN:93,renderWaterfallChart
FN:135,(anonymous_6)
FN:144,(anonymous_7)
FN:156,renderExpenseDoughnut
FN:189,renderTrendsChart
FN:196,(anonymous_10)
FN:197,(anonymous_11)
FN:231,(anonymous_12)
FN:242,renderProfitabilityMatrix
FN:255,(anonymous_14)
FN:255,(anonymous_15)
FN:262,(anonymous_16)
FN:262,(anonymous_17)
FN:274,(anonymous_18)
FN:291,(anonymous_19)
FN:301,(anonymous_20)
FN:317,(anonymous_21)
FNF:22
FNH:0
FNDA:0,(anonymous_0)
FNDA:0,renderAnalyticsDashboard
FNDA:0,(anonymous_2)
FNDA:0,(anonymous_3)
FNDA:0,(anonymous_4)
FNDA:0,renderWaterfallChart
FNDA:0,(anonymous_6)
FNDA:0,(anonymous_7)
FNDA:0,renderExpenseDoughnut
FNDA:0,renderTrendsChart
FNDA:0,(anonymous_10)
FNDA:0,(anonymous_11)
FNDA:0,(anonymous_12)
FNDA:0,renderProfitabilityMatrix
FNDA:0,(anonymous_14)
FNDA:0,(anonymous_15)
FNDA:0,(anonymous_16)
FNDA:0,(anonymous_17)
FNDA:0,(anonymous_18)
FNDA:0,(anonymous_19)
FNDA:0,(anonymous_20)
FNDA:0,(anonymous_21)
DA:12,0
DA:13,0
DA:14,0
DA:16,0
DA:17,0
DA:18,0
DA:19,0
DA:20,0
DA:24,0
DA:26,0
DA:27,0
DA:28,0
DA:29,0
DA:33,0
DA:34,0
DA:35,0
DA:36,0
DA:43,0
DA:44,0
DA:46,0
DA:48,0
DA:49,0
DA:51,0
DA:54,0
DA:56,0
DA:57,0
DA:58,0
DA:62,0
DA:63,0
DA:65,0
DA:66,0
DA:68,0
DA:69,0
DA:71,0
DA:72,0
DA:75,0
DA:78,0
DA:81,0
DA:84,0
DA:86,0
DA:94,0
DA:95,0
DA:96,0
DA:97,0
DA:99,0
DA:101,0
DA:110,0
DA:136,0
DA:137,0
DA:138,0
DA:144,0
DA:149,0
DA:157,0
DA:158,0
DA:159,0
DA:160,0
DA:162,0
DA:182,0
DA:190,0
DA:191,0
DA:192,0
DA:193,0
DA:195,0
DA:196,0
DA:197,0
DA:199,0
DA:231,0
DA:235,0
DA:243,0
DA:244,0
DA:245,0
DA:253,0
DA:255,0
DA:256,0
DA:257,0
DA:258,0
DA:259,0
DA:261,0
DA:262,0
DA:263,0
DA:265,0
DA:266,0
DA:267,0
DA:269,0
DA:272,0
DA:274,0
DA:275,0
DA:276,0
DA:279,0
DA:280,0
DA:284,0
DA:285,0
DA:287,0
DA:288,0
DA:289,0
DA:291,0
DA:292,0
DA:293,0
DA:294,0
DA:297,0
DA:298,0
DA:301,0
DA:302,0
DA:304,0
DA:305,0
DA:307,0
DA:308,0
DA:310,0
DA:311,0
DA:312,0
DA:313,0
DA:316,0
DA:317,0
DA:318,0
DA:319,0
DA:322,0
DA:323,0
DA:324,0
DA:325,0
DA:327,0
DA:329,0
DA:330,0
DA:332,0
DA:333,0
DA:334,0
DA:335,0
DA:337,0
DA:346,0
DA:347,0
DA:349,0
DA:353,0
DA:356,0
DA:357,0
DA:358,0
DA:359,0
DA:360,0
DA:364,0
DA:365,0
DA:366,0
DA:367,0
DA:370,0
DA:371,0
DA:374,0
DA:375,0
DA:376,0
LF:145
LH:0
BRDA:17,0,0,0
BRDA:17,0,1,0
BRDA:18,1,0,0
BRDA:18,1,1,0
BRDA:18,2,0,0
BRDA:18,2,1,0
BRDA:28,3,0,0
BRDA:28,3,1,0
BRDA:28,4,0,0
BRDA:28,4,1,0
BRDA:28,5,0,0
BRDA:28,5,1,0
BRDA:35,6,0,0
BRDA:35,6,1,0
BRDA:35,7,0,0
BRDA:35,7,1,0
BRDA:43,8,0,0
BRDA:43,8,1,0
BRDA:44,9,0,0
BRDA:44,9,1,0
BRDA:49,10,0,0
BRDA:49,10,1,0
BRDA:51,11,0,0
BRDA:51,11,1,0
BRDA:51,12,0,0
BRDA:51,12,1,0
BRDA:54,13,0,0
BRDA:54,13,1,0
BRDA:56,14,0,0
BRDA:56,14,1,0
BRDA:63,15,0,0
BRDA:63,15,1,0
BRDA:66,16,0,0
BRDA:66,16,1,0
BRDA:69,17,0,0
BRDA:69,17,1,0
BRDA:72,18,0,0
BRDA:72,18,1,0
BRDA:96,19,0,0
BRDA:96,19,1,0
BRDA:97,20,0,0
BRDA:97,20,1,0
BRDA:159,21,0,0
BRDA:159,21,1,0
BRDA:160,22,0,0
BRDA:160,22,1,0
BRDA:192,23,0,0
BRDA:192,23,1,0
BRDA:193,24,0,0
BRDA:193,24,1,0
BRDA:244,25,0,0
BRDA:244,25,1,0
BRDA:246,26,0,0
BRDA:246,26,1,0
BRDA:247,27,0,0
BRDA:247,27,1,0
BRDA:248,28,0,0
BRDA:248,28,1,0
BRDA:249,29,0,0
BRDA:249,29,1,0
BRDA:250,30,0,0
BRDA:250,30,1,0
BRDA:251,31,0,0
BRDA:251,31,1,0
BRDA:255,32,0,0
BRDA:255,32,1,0
BRDA:255,32,2,0
BRDA:255,33,0,0
BRDA:255,33,1,0
BRDA:255,34,0,0
BRDA:255,34,1,0
BRDA:258,35,0,0
BRDA:258,35,1,0
BRDA:261,36,0,0
BRDA:261,36,1,0
BRDA:263,37,0,0
BRDA:263,37,1,0
BRDA:265,38,0,0
BRDA:265,38,1,0
BRDA:272,39,0,0
BRDA:272,39,1,0
BRDA:279,40,0,0
BRDA:279,40,1,0
BRDA:279,41,0,0
BRDA:279,41,1,0
BRDA:280,42,0,0
BRDA:280,42,1,0
BRDA:284,43,0,0
BRDA:284,43,1,0
BRDA:285,44,0,0
BRDA:285,44,1,0
BRDA:287,45,0,0
BRDA:287,45,1,0
BRDA:287,46,0,0
BRDA:287,46,1,0
BRDA:288,47,0,0
BRDA:288,47,1,0
BRDA:288,48,0,0
BRDA:288,48,1,0
BRDA:292,49,0,0
BRDA:292,49,1,0
BRDA:292,50,0,0
BRDA:292,50,1,0
BRDA:293,51,0,0
BRDA:293,51,1,0
BRDA:297,52,0,0
BRDA:297,52,1,0
BRDA:301,53,0,0
BRDA:302,54,0,0
BRDA:302,54,1,0
BRDA:304,55,0,0
BRDA:304,55,1,0
BRDA:305,56,0,0
BRDA:305,56,1,0
BRDA:307,57,0,0
BRDA:307,57,1,0
BRDA:308,58,0,0
BRDA:308,58,1,0
BRDA:318,59,0,0
BRDA:318,59,1,0
BRDA:327,60,0,0
BRDA:327,60,1,0
BRDA:346,61,0,0
BRDA:346,61,1,0
BRDA:356,62,0,0
BRDA:356,62,1,0
BRDA:356,63,0,0
BRDA:356,63,1,0
BRDA:360,64,0,0
BRDA:360,64,1,0
BRDA:365,65,0,0
BRDA:365,65,1,0
BRDA:370,66,0,0
BRDA:370,66,1,0
BRDA:375,67,0,0
BRDA:375,67,1,0
BRF:136
BRH:0
end_of_record
TN:
SF:assets\js\barcodz-module.js
FN:25,buildBarcodzCache
FN:31,(anonymous_1)
FN:50,(anonymous_2)
FN:56,(anonymous_3)
FN:71,(anonymous_4)
FN:72,(anonymous_5)
FN:79,(anonymous_6)
FN:91,(anonymous_7)
FN:93,(anonymous_8)
FN:102,(anonymous_9)
FN:117,(anonymous_10)
FN:123,(anonymous_11)
FN:129,(anonymous_12)
FN:140,(anonymous_13)
FN:180,(anonymous_14)
FN:181,(anonymous_15)
FN:196,(anonymous_16)
FN:197,(anonymous_17)
FN:206,(anonymous_18)
FN:207,(anonymous_19)
FN:212,(anonymous_20)
FN:217,clearBarcodzSpool
FN:224,(anonymous_22)
FN:227,(anonymous_23)
FN:230,(anonymous_24)
FN:235,(anonymous_25)
FN:247,(anonymous_26)
FN:252,(anonymous_27)
FN:256,(anonymous_28)
FN:261,(anonymous_29)
FN:266,renderBarcodzSpool
FN:281,(anonymous_31)
FN:305,(anonymous_32)
FN:306,(anonymous_33)
FN:309,(anonymous_34)
FN:310,(anonymous_35)
FN:312,(anonymous_36)
FN:313,(anonymous_37)
FN:314,(anonymous_38)
FN:315,(anonymous_39)
FN:316,(anonymous_40)
FN:317,(anonymous_41)
FN:320,(anonymous_42)
FN:321,(anonymous_43)
FN:329,(anonymous_44)
FN:366,(anonymous_45)
FN:455,(anonymous_46)
FN:457,(anonymous_47)
FN:482,(anonymous_48)
FN:489,(anonymous_49)
FN:495,(anonymous_50)
FN:502,(anonymous_51)
FN:510,consumeThermalMedia
FN:522,(anonymous_53)
FN:557,(anonymous_54)
FN:616,(anonymous_55)
FN:619,(anonymous_56)
FNF:57
FNH:0
FNDA:0,buildBarcodzCache
FNDA:0,(anonymous_1)
FNDA:0,(anonymous_2)
FNDA:0,(anonymous_3)
FNDA:0,(anonymous_4)
FNDA:0,(anonymous_5)
FNDA:0,(anonymous_6)
FNDA:0,(anonymous_7)
FNDA:0,(anonymous_8)
FNDA:0,(anonymous_9)
FNDA:0,(anonymous_10)
FNDA:0,(anonymous_11)
FNDA:0,(anonymous_12)
FNDA:0,(anonymous_13)
FNDA:0,(anonymous_14)
FNDA:0,(anonymous_15)
FNDA:0,(anonymous_16)
FNDA:0,(anonymous_17)
FNDA:0,(anonymous_18)
FNDA:0,(anonymous_19)
FNDA:0,(anonymous_20)
FNDA:0,clearBarcodzSpool
FNDA:0,(anonymous_22)
FNDA:0,(anonymous_23)
FNDA:0,(anonymous_24)
FNDA:0,(anonymous_25)
FNDA:0,(anonymous_26)
FNDA:0,(anonymous_27)
FNDA:0,(anonymous_28)
FNDA:0,(anonymous_29)
FNDA:0,renderBarcodzSpool
FNDA:0,(anonymous_31)
FNDA:0,(anonymous_32)
FNDA:0,(anonymous_33)
FNDA:0,(anonymous_34)
FNDA:0,(anonymous_35)
FNDA:0,(anonymous_36)
FNDA:0,(anonymous_37)
FNDA:0,(anonymous_38)
FNDA:0,(anonymous_39)
FNDA:0,(anonymous_40)
FNDA:0,(anonymous_41)
FNDA:0,(anonymous_42)
FNDA:0,(anonymous_43)
FNDA:0,(anonymous_44)
FNDA:0,(anonymous_45)
FNDA:0,(anonymous_46)
FNDA:0,(anonymous_47)
FNDA:0,(anonymous_48)
FNDA:0,(anonymous_49)
FNDA:0,(anonymous_50)
FNDA:0,(anonymous_51)
FNDA:0,consumeThermalMedia
FNDA:0,(anonymous_53)
FNDA:0,(anonymous_54)
FNDA:0,(anonymous_55)
FNDA:0,(anonymous_56)
DA:23,0
DA:26,0
DA:27,0
DA:30,0
DA:31,0
DA:32,0
DA:33,0
DA:34,0
DA:35,0
DA:36,0
DA:38,0
DA:49,0
DA:50,0
DA:51,0
DA:53,0
DA:56,0
DA:57,0
DA:70,0
DA:71,0
DA:72,0
DA:73,0
DA:79,0
DA:82,0
DA:83,0
DA:86,0
DA:87,0
DA:88,0
DA:91,0
DA:92,0
DA:93,0
DA:94,0
DA:95,0
DA:98,0
DA:99,0
DA:100,0
DA:102,0
DA:103,0
DA:108,0
DA:109,0
DA:112,0
DA:116,0
DA:117,0
DA:118,0
DA:119,0
DA:122,0
DA:123,0
DA:125,0
DA:126,0
DA:127,0
DA:128,0
DA:129,0
DA:130,0
DA:131,0
DA:140,0
DA:141,0
DA:168,0
DA:176,0
DA:177,0
DA:180,0
DA:181,0
DA:182,0
DA:183,0
DA:184,0
DA:187,0
DA:194,0
DA:196,0
DA:197,0
DA:198,0
DA:199,0
DA:201,0
DA:203,0
DA:206,0
DA:207,0
DA:208,0
DA:210,0
DA:211,0
DA:212,0
DA:214,0
DA:218,0
DA:219,0
DA:222,0
DA:224,0
DA:225,0
DA:226,0
DA:227,0
DA:230,0
DA:231,0
DA:232,0
DA:235,0
DA:236,0
DA:237,0
DA:240,0
DA:241,0
DA:242,0
DA:244,0
DA:247,0
DA:248,0
DA:249,0
DA:252,0
DA:253,0
DA:254,0
DA:256,0
DA:257,0
DA:259,0
DA:260,0
DA:261,0
DA:263,0
DA:267,0
DA:268,0
DA:269,0
DA:271,0
DA:272,0
DA:274,0
DA:275,0
DA:281,0
DA:282,0
DA:283,0
DA:305,0
DA:306,0
DA:309,0
DA:310,0
DA:311,0
DA:312,0
DA:313,0
DA:314,0
DA:315,0
DA:316,0
DA:317,0
DA:320,0
DA:321,0
DA:322,0
DA:323,0
DA:329,0
DA:330,0
DA:332,0
DA:333,0
DA:334,0
DA:337,0
DA:338,0
DA:339,0
DA:340,0
DA:343,0
DA:344,0
DA:345,0
DA:346,0
DA:347,0
DA:350,0
DA:353,0
DA:354,0
DA:355,0
DA:356,0
DA:358,0
DA:359,0
DA:360,0
DA:363,0
DA:366,0
DA:369,0
DA:371,0
DA:373,0
DA:375,0
DA:376,0
DA:377,0
DA:378,0
DA:380,0
DA:381,0
DA:382,0
DA:386,0
DA:387,0
DA:392,0
DA:395,0
DA:396,0
DA:397,0
DA:398,0
DA:399,0
DA:400,0
DA:401,0
DA:403,0
DA:404,0
DA:405,0
DA:406,0
DA:410,0
DA:411,0
DA:412,0
DA:413,0
DA:423,0
DA:424,0
DA:425,0
DA:426,0
DA:432,0
DA:433,0
DA:434,0
DA:435,0
DA:436,0
DA:437,0
DA:439,0
DA:440,0
DA:441,0
DA:442,0
DA:448,0
DA:452,0
DA:455,0
DA:456,0
DA:457,0
DA:458,0
DA:459,0
DA:460,0
DA:462,0
DA:463,0
DA:464,0
DA:465,0
DA:476,0
DA:477,0
DA:479,0
DA:482,0
DA:484,0
DA:489,0
DA:490,0
DA:491,0
DA:492,0
DA:493,0
DA:494,0
DA:495,0
DA:496,0
DA:497,0
DA:498,0
DA:502,0
DA:503,0
DA:504,0
DA:505,0
DA:506,0
DA:507,0
DA:511,0
DA:513,0
DA:514,0
DA:515,0
DA:516,0
DA:517,0
DA:520,0
DA:521,0
DA:522,0
DA:523,0
DA:524,0
DA:526,0
DA:530,0
DA:531,0
DA:535,0
DA:536,0
DA:538,0
DA:541,0
DA:556,0
DA:557,0
DA:559,0
DA:560,0
DA:561,0
DA:562,0
DA:565,0
DA:567,0
DA:580,0
DA:581,0
DA:582,0
DA:583,0
DA:585,0
DA:587,0
DA:604,0
DA:605,0
DA:607,0
DA:608,0
DA:609,0
DA:611,0
DA:616,0
DA:618,0
DA:619,0
DA:620,0
DA:621,0
DA:623,0
LF:275
LH:0
BRDA:30,0,0,0
BRDA:30,0,1,0
BRDA:33,1,0,0
BRDA:33,1,1,0
BRDA:35,2,0,0
BRDA:35,2,1,0
BRDA:35,3,0,0
BRDA:35,3,1,0
BRDA:35,4,0,0
BRDA:35,4,1,0
BRDA:36,5,0,0
BRDA:36,5,1,0
BRDA:42,6,0,0
BRDA:42,6,1,0
BRDA:42,7,0,0
BRDA:42,7,1,0
BRDA:42,8,0,0
BRDA:42,8,1,0
BRDA:49,9,0,0
BRDA:49,9,1,0
BRDA:53,10,0,0
BRDA:53,10,1,0
BRDA:53,11,0,0
BRDA:53,11,1,0
BRDA:56,12,0,0
BRDA:56,12,1,0
BRDA:62,13,0,0
BRDA:62,13,1,0
BRDA:70,14,0,0
BRDA:70,14,1,0
BRDA:72,15,0,0
BRDA:72,15,1,0
BRDA:83,16,0,0
BRDA:83,16,1,0
BRDA:87,17,0,0
BRDA:87,17,1,0
BRDA:87,18,0,0
BRDA:87,18,1,0
BRDA:91,19,0,0
BRDA:94,20,0,0
BRDA:94,20,1,0
BRDA:94,21,0,0
BRDA:94,21,1,0
BRDA:94,21,2,0
BRDA:94,21,3,0
BRDA:94,21,4,0
BRDA:99,22,0,0
BRDA:99,22,1,0
BRDA:100,23,0,0
BRDA:100,23,1,0
BRDA:103,24,0,0
BRDA:103,24,1,0
BRDA:103,24,2,0
BRDA:108,25,0,0
BRDA:108,25,1,0
BRDA:109,26,0,0
BRDA:109,26,1,0
BRDA:118,27,0,0
BRDA:118,27,1,0
BRDA:127,28,0,0
BRDA:127,28,1,0
BRDA:127,28,2,0
BRDA:132,29,0,0
BRDA:132,29,1,0
BRDA:135,30,0,0
BRDA:135,30,1,0
BRDA:162,31,0,0
BRDA:162,31,1,0
BRDA:177,32,0,0
BRDA:177,32,1,0
BRDA:198,33,0,0
BRDA:198,33,1,0
BRDA:208,34,0,0
BRDA:208,34,1,0
BRDA:211,35,0,0
BRDA:211,35,1,0
BRDA:227,36,0,0
BRDA:227,36,1,0
BRDA:237,37,0,0
BRDA:237,37,1,0
BRDA:237,38,0,0
BRDA:237,38,1,0
BRDA:248,39,0,0
BRDA:248,39,1,0
BRDA:248,40,0,0
BRDA:248,40,1,0
BRDA:254,41,0,0
BRDA:254,41,1,0
BRDA:254,42,0,0
BRDA:254,42,1,0
BRDA:257,43,0,0
BRDA:257,43,1,0
BRDA:260,44,0,0
BRDA:260,44,1,0
BRDA:269,45,0,0
BRDA:269,45,1,0
BRDA:274,46,0,0
BRDA:274,46,1,0
BRDA:305,47,0,0
BRDA:305,47,1,0
BRDA:330,48,0,0
BRDA:330,48,1,0
BRDA:332,49,0,0
BRDA:332,49,1,0
BRDA:332,50,0,0
BRDA:332,50,1,0
BRDA:332,50,2,0
BRDA:339,51,0,0
BRDA:339,51,1,0
BRDA:339,52,0,0
BRDA:339,52,1,0
BRDA:343,53,0,0
BRDA:343,53,1,0
BRDA:344,54,0,0
BRDA:344,54,1,0
BRDA:347,55,0,0
BRDA:347,55,1,0
BRDA:350,56,0,0
BRDA:350,56,1,0
BRDA:359,57,0,0
BRDA:359,57,1,0
BRDA:360,58,0,0
BRDA:360,58,1,0
BRDA:376,59,0,0
BRDA:376,59,1,0
BRDA:380,60,0,0
BRDA:380,60,1,0
BRDA:380,61,0,0
BRDA:380,61,1,0
BRDA:382,62,0,0
BRDA:382,62,1,0
BRDA:383,63,0,0
BRDA:383,63,1,0
BRDA:383,64,0,0
BRDA:383,64,1,0
BRDA:383,65,0,0
BRDA:383,65,1,0
BRDA:384,66,0,0
BRDA:384,66,1,0
BRDA:384,67,0,0
BRDA:384,67,1,0
BRDA:384,68,0,0
BRDA:384,68,1,0
BRDA:387,69,0,0
BRDA:387,69,1,0
BRDA:388,70,0,0
BRDA:388,70,1,0
BRDA:388,71,0,0
BRDA:388,71,1,0
BRDA:388,72,0,0
BRDA:388,72,1,0
BRDA:389,73,0,0
BRDA:389,73,1,0
BRDA:389,74,0,0
BRDA:389,74,1,0
BRDA:389,75,0,0
BRDA:389,75,1,0
BRDA:395,76,0,0
BRDA:395,76,1,0
BRDA:396,77,0,0
BRDA:396,77,1,0
BRDA:401,78,0,0
BRDA:401,78,1,0
BRDA:404,79,0,0
BRDA:404,79,1,0
BRDA:404,80,0,0
BRDA:404,80,1,0
BRDA:406,81,0,0
BRDA:406,81,1,0
BRDA:410,82,0,0
BRDA:410,82,1,0
BRDA:411,83,0,0
BRDA:411,83,1,0
BRDA:424,84,0,0
BRDA:424,84,1,0
BRDA:424,85,0,0
BRDA:424,85,1,0
BRDA:426,86,0,0
BRDA:426,86,1,0
BRDA:432,87,0,0
BRDA:432,87,1,0
BRDA:437,88,0,0
BRDA:437,88,1,0
BRDA:440,89,0,0
BRDA:440,89,1,0
BRDA:440,90,0,0
BRDA:440,90,1,0
BRDA:442,91,0,0
BRDA:442,91,1,0
BRDA:452,92,0,0
BRDA:452,92,1,0
BRDA:458,93,0,0
BRDA:458,93,1,0
BRDA:482,94,0,0
BRDA:482,94,1,0
BRDA:493,95,0,0
BRDA:493,95,1,0
BRDA:497,96,0,0
BRDA:497,96,1,0
BRDA:504,97,0,0
BRDA:504,97,1,0
BRDA:506,98,0,0
BRDA:506,98,1,0
BRDA:507,99,0,0
BRDA:507,99,1,0
BRDA:511,100,0,0
BRDA:511,100,1,0
BRDA:511,101,0,0
BRDA:511,101,1,0
BRDA:516,102,0,0
BRDA:516,102,1,0
BRDA:516,103,0,0
BRDA:516,103,1,0
BRDA:516,103,2,0
BRDA:521,104,0,0
BRDA:521,104,1,0
BRDA:523,105,0,0
BRDA:523,105,1,0
BRDA:530,106,0,0
BRDA:530,106,1,0
BRDA:543,107,0,0
BRDA:543,107,1,0
BRDA:544,108,0,0
BRDA:544,108,1,0
BRDA:545,109,0,0
BRDA:545,109,1,0
BRDA:546,110,0,0
BRDA:546,110,1,0
BRDA:547,111,0,0
BRDA:547,111,1,0
BRDA:548,112,0,0
BRDA:548,112,1,0
BRDA:549,113,0,0
BRDA:549,113,1,0
BRDA:550,114,0,0
BRDA:550,114,1,0
BRDA:552,115,0,0
BRDA:552,115,1,0
BRDA:556,116,0,0
BRDA:556,116,1,0
BRDA:556,117,0,0
BRDA:556,117,1,0
BRDA:559,118,0,0
BRDA:559,118,1,0
BRDA:559,119,0,0
BRDA:559,119,1,0
BRDA:559,119,2,0
BRDA:561,120,0,0
BRDA:561,120,1,0
BRDA:580,121,0,0
BRDA:580,121,1,0
BRDA:580,122,0,0
BRDA:580,122,1,0
BRDA:582,123,0,0
BRDA:582,123,1,0
BRDA:605,124,0,0
BRDA:605,124,1,0
BRDA:608,125,0,0
BRDA:608,125,1,0
BRDA:609,126,0,0
BRDA:609,126,1,0
BRDA:609,127,0,0
BRDA:609,127,1,0
BRDA:618,128,0,0
BRDA:618,128,1,0
BRDA:620,129,0,0
BRDA:620,129,1,0
BRDA:621,130,0,0
BRDA:621,130,1,0
BRDA:623,131,0,0
BRDA:623,131,1,0
BRF:271
BRH:0
end_of_record
TN:
SF:assets\js\bom-module.js
FN:10,(anonymous_0)
FN:13,(anonymous_1)
FN:21,(anonymous_2)
FN:24,(anonymous_3)
FN:25,(anonymous_4)
FN:25,(anonymous_5)
FN:26,(anonymous_6)
FN:27,(anonymous_7)
FN:30,(anonymous_8)
FN:31,(anonymous_9)
FN:32,(anonymous_10)
FN:35,(anonymous_11)
FN:35,(anonymous_12)
FN:35,(anonymous_13)
FN:35,(anonymous_14)
FN:35,(anonymous_15)
FN:35,(anonymous_16)
FN:38,(anonymous_17)
FN:72,(anonymous_18)
FN:81,(anonymous_19)
FN:134,(anonymous_20)
FN:136,(anonymous_21)
FN:149,(anonymous_22)
FN:159,(anonymous_23)
FN:162,(anonymous_24)
FN:175,(anonymous_25)
FN:177,(anonymous_26)
FN:178,(anonymous_27)
FN:181,(anonymous_28)
FN:192,(anonymous_29)
FN:205,(anonymous_30)
FN:206,(anonymous_31)
FN:210,(anonymous_32)
FN:211,(anonymous_33)
FN:212,(anonymous_34)
FN:214,buildItem
FN:238,(anonymous_36)
FN:253,getCatState
FN:274,(anonymous_38)
FN:287,(anonymous_39)
FN:300,(anonymous_40)
FN:313,(anonymous_41)
FN:321,productDragStart
FN:326,productDragOver
FN:327,productDragEnd
FN:328,productDrop
FN:345,(anonymous_46)
FN:346,(anonymous_47)
FN:348,(anonymous_48)
FN:371,(anonymous_49)
FN:409,(anonymous_50)
FN:410,(anonymous_51)
FN:414,(anonymous_52)
FN:414,(anonymous_53)
FN:414,(anonymous_54)
FN:415,(anonymous_55)
FN:416,(anonymous_56)
FN:416,(anonymous_57)
FN:418,(anonymous_58)
FN:434,(anonymous_59)
FN:445,(anonymous_60)
FN:446,(anonymous_61)
FN:457,(anonymous_62)
FN:458,(anonymous_63)
FN:459,(anonymous_64)
FN:465,(anonymous_65)
FN:470,(anonymous_66)
FN:472,(anonymous_67)
FN:495,(anonymous_68)
FN:518,(anonymous_69)
FN:527,(anonymous_70)
FN:534,(anonymous_71)
FN:544,(anonymous_72)
FN:547,(anonymous_73)
FN:550,(anonymous_74)
FN:576,(anonymous_75)
FN:577,(anonymous_76)
FN:578,(anonymous_77)
FN:579,(anonymous_78)
FN:605,(anonymous_79)
FN:608,(anonymous_80)
FN:609,(anonymous_81)
FN:610,(anonymous_82)
FN:613,(anonymous_83)
FN:630,(anonymous_84)
FN:636,(anonymous_85)
FN:638,(anonymous_86)
FN:639,(anonymous_87)
FN:640,(anonymous_88)
FN:676,(anonymous_89)
FN:677,(anonymous_90)
FN:683,(anonymous_91)
FN:705,(anonymous_92)
FN:714,(anonymous_93)
FN:716,(anonymous_94)
FN:724,(anonymous_95)
FN:751,(anonymous_96)
FN:752,(anonymous_97)
FN:754,(anonymous_98)
FN:768,(anonymous_99)
FN:770,(anonymous_100)
FN:771,(anonymous_101)
FN:795,(anonymous_102)
FN:798,(anonymous_103)
FN:801,(anonymous_104)
FN:804,(anonymous_105)
FN:820,(anonymous_106)
FN:824,(anonymous_107)
FN:828,(anonymous_108)
FN:832,(anonymous_109)
FNF:110
FNH:0
FNDA:0,(anonymous_0)
FNDA:0,(anonymous_1)
FNDA:0,(anonymous_2)
FNDA:0,(anonymous_3)
FNDA:0,(anonymous_4)
FNDA:0,(anonymous_5)
FNDA:0,(anonymous_6)
FNDA:0,(anonymous_7)
FNDA:0,(anonymous_8)
FNDA:0,(anonymous_9)
FNDA:0,(anonymous_10)
FNDA:0,(anonymous_11)
FNDA:0,(anonymous_12)
FNDA:0,(anonymous_13)
FNDA:0,(anonymous_14)
FNDA:0,(anonymous_15)
FNDA:0,(anonymous_16)
FNDA:0,(anonymous_17)
FNDA:0,(anonymous_18)
FNDA:0,(anonymous_19)
FNDA:0,(anonymous_20)
FNDA:0,(anonymous_21)
FNDA:0,(anonymous_22)
FNDA:0,(anonymous_23)
FNDA:0,(anonymous_24)
FNDA:0,(anonymous_25)
FNDA:0,(anonymous_26)
FNDA:0,(anonymous_27)
FNDA:0,(anonymous_28)
FNDA:0,(anonymous_29)
FNDA:0,(anonymous_30)
FNDA:0,(anonymous_31)
FNDA:0,(anonymous_32)
FNDA:0,(anonymous_33)
FNDA:0,(anonymous_34)
FNDA:0,buildItem
FNDA:0,(anonymous_36)
FNDA:0,getCatState
FNDA:0,(anonymous_38)
FNDA:0,(anonymous_39)
FNDA:0,(anonymous_40)
FNDA:0,(anonymous_41)
FNDA:0,productDragStart
FNDA:0,productDragOver
FNDA:0,productDragEnd
FNDA:0,productDrop
FNDA:0,(anonymous_46)
FNDA:0,(anonymous_47)
FNDA:0,(anonymous_48)
FNDA:0,(anonymous_49)
FNDA:0,(anonymous_50)
FNDA:0,(anonymous_51)
FNDA:0,(anonymous_52)
FNDA:0,(anonymous_53)
FNDA:0,(anonymous_54)
FNDA:0,(anonymous_55)
FNDA:0,(anonymous_56)
FNDA:0,(anonymous_57)
FNDA:0,(anonymous_58)
FNDA:0,(anonymous_59)
FNDA:0,(anonymous_60)
FNDA:0,(anonymous_61)
FNDA:0,(anonymous_62)
FNDA:0,(anonymous_63)
FNDA:0,(anonymous_64)
FNDA:0,(anonymous_65)
FNDA:0,(anonymous_66)
FNDA:0,(anonymous_67)
FNDA:0,(anonymous_68)
FNDA:0,(anonymous_69)
FNDA:0,(anonymous_70)
FNDA:0,(anonymous_71)
FNDA:0,(anonymous_72)
FNDA:0,(anonymous_73)
FNDA:0,(anonymous_74)
FNDA:0,(anonymous_75)
FNDA:0,(anonymous_76)
FNDA:0,(anonymous_77)
FNDA:0,(anonymous_78)
FNDA:0,(anonymous_79)
FNDA:0,(anonymous_80)
FNDA:0,(anonymous_81)
FNDA:0,(anonymous_82)
FNDA:0,(anonymous_83)
FNDA:0,(anonymous_84)
FNDA:0,(anonymous_85)
FNDA:0,(anonymous_86)
FNDA:0,(anonymous_87)
FNDA:0,(anonymous_88)
FNDA:0,(anonymous_89)
FNDA:0,(anonymous_90)
FNDA:0,(anonymous_91)
FNDA:0,(anonymous_92)
FNDA:0,(anonymous_93)
FNDA:0,(anonymous_94)
FNDA:0,(anonymous_95)
FNDA:0,(anonymous_96)
FNDA:0,(anonymous_97)
FNDA:0,(anonymous_98)
FNDA:0,(anonymous_99)
FNDA:0,(anonymous_100)
FNDA:0,(anonymous_101)
FNDA:0,(anonymous_102)
FNDA:0,(anonymous_103)
FNDA:0,(anonymous_104)
FNDA:0,(anonymous_105)
FNDA:0,(anonymous_106)
FNDA:0,(anonymous_107)
FNDA:0,(anonymous_108)
FNDA:0,(anonymous_109)
DA:10,0
DA:11,0
DA:13,0
DA:14,0
DA:15,0
DA:16,0
DA:17,0
DA:18,0
DA:19,0
DA:21,0
DA:22,0
DA:24,0
DA:25,0
DA:26,0
DA:27,0
DA:28,0
DA:29,0
DA:30,0
DA:31,0
DA:32,0
DA:33,0
DA:35,0
DA:38,0
DA:39,0
DA:40,0
DA:41,0
DA:42,0
DA:43,0
DA:44,0
DA:45,0
DA:46,0
DA:47,0
DA:49,0
DA:50,0
DA:51,0
DA:52,0
DA:54,0
DA:55,0
DA:56,0
DA:57,0
DA:59,0
DA:60,0
DA:71,0
DA:72,0
DA:73,0
DA:74,0
DA:75,0
DA:76,0
DA:77,0
DA:78,0
DA:81,0
DA:82,0
DA:83,0
DA:84,0
DA:86,0
DA:87,0
DA:88,0
DA:91,0
DA:92,0
DA:94,0
DA:95,0
DA:96,0
DA:97,0
DA:98,0
DA:99,0
DA:100,0
DA:102,0
DA:103,0
DA:104,0
DA:105,0
DA:108,0
DA:119,0
DA:122,0
DA:125,0
DA:127,0
DA:128,0
DA:129,0
DA:130,0
DA:133,0
DA:134,0
DA:135,0
DA:136,0
DA:137,0
DA:138,0
DA:139,0
DA:142,0
DA:143,0
DA:147,0
DA:148,0
DA:149,0
DA:150,0
DA:154,0
DA:155,0
DA:156,0
DA:158,0
DA:159,0
DA:162,0
DA:163,0
DA:164,0
DA:165,0
DA:166,0
DA:167,0
DA:169,0
DA:173,0
DA:175,0
DA:176,0
DA:177,0
DA:178,0
DA:179,0
DA:180,0
DA:181,0
DA:182,0
DA:185,0
DA:187,0
DA:188,0
DA:191,0
DA:192,0
DA:193,0
DA:194,0
DA:195,0
DA:196,0
DA:199,0
DA:202,0
DA:204,0
DA:205,0
DA:206,0
DA:208,0
DA:210,0
DA:211,0
DA:212,0
DA:215,0
DA:216,0
DA:228,0
DA:229,0
DA:230,0
DA:238,0
DA:239,0
DA:240,0
DA:241,0
DA:242,0
DA:243,0
DA:244,0
DA:246,0
DA:247,0
DA:248,0
DA:250,0
DA:254,0
DA:255,0
DA:257,0
DA:263,0
DA:264,0
DA:265,0
DA:266,0
DA:273,0
DA:274,0
DA:275,0
DA:277,0
DA:278,0
DA:279,0
DA:286,0
DA:287,0
DA:288,0
DA:290,0
DA:291,0
DA:292,0
DA:299,0
DA:300,0
DA:301,0
DA:303,0
DA:304,0
DA:305,0
DA:312,0
DA:313,0
DA:314,0
DA:317,0
DA:318,0
DA:322,0
DA:323,0
DA:324,0
DA:326,0
DA:327,0
DA:329,0
DA:330,0
DA:332,0
DA:333,0
DA:334,0
DA:336,0
DA:337,0
DA:338,0
DA:339,0
DA:340,0
DA:341,0
DA:345,0
DA:346,0
DA:348,0
DA:349,0
DA:351,0
DA:352,0
DA:353,0
DA:354,0
DA:355,0
DA:356,0
DA:357,0
DA:359,0
DA:360,0
DA:361,0
DA:362,0
DA:364,0
DA:366,0
DA:367,0
DA:368,0
DA:370,0
DA:371,0
DA:372,0
DA:373,0
DA:375,0
DA:376,0
DA:377,0
DA:378,0
DA:379,0
DA:380,0
DA:381,0
DA:382,0
DA:383,0
DA:384,0
DA:385,0
DA:386,0
DA:387,0
DA:388,0
DA:389,0
DA:391,0
DA:393,0
DA:394,0
DA:395,0
DA:396,0
DA:397,0
DA:398,0
DA:400,0
DA:401,0
DA:402,0
DA:403,0
DA:406,0
DA:407,0
DA:409,0
DA:410,0
DA:412,0
DA:414,0
DA:415,0
DA:416,0
DA:417,0
DA:418,0
DA:419,0
DA:420,0
DA:421,0
DA:422,0
DA:423,0
DA:424,0
DA:426,0
DA:427,0
DA:428,0
DA:429,0
DA:430,0
DA:431,0
DA:432,0
DA:433,0
DA:434,0
DA:435,0
DA:436,0
DA:437,0
DA:438,0
DA:439,0
DA:440,0
DA:441,0
DA:442,0
DA:445,0
DA:446,0
DA:447,0
DA:448,0
DA:449,0
DA:450,0
DA:451,0
DA:453,0
DA:457,0
DA:458,0
DA:459,0
DA:464,0
DA:465,0
DA:466,0
DA:467,0
DA:469,0
DA:470,0
DA:471,0
DA:472,0
DA:473,0
DA:474,0
DA:475,0
DA:477,0
DA:479,0
DA:491,0
DA:492,0
DA:495,0
DA:496,0
DA:497,0
DA:499,0
DA:500,0
DA:502,0
DA:513,0
DA:514,0
DA:516,0
DA:517,0
DA:518,0
DA:519,0
DA:520,0
DA:521,0
DA:522,0
DA:523,0
DA:526,0
DA:527,0
DA:528,0
DA:531,0
DA:532,0
DA:534,0
DA:535,0
DA:536,0
DA:538,0
DA:539,0
DA:541,0
DA:542,0
DA:543,0
DA:544,0
DA:545,0
DA:546,0
DA:547,0
DA:548,0
DA:549,0
DA:550,0
DA:551,0
DA:552,0
DA:553,0
DA:554,0
DA:555,0
DA:556,0
DA:557,0
DA:558,0
DA:559,0
DA:562,0
DA:567,0
DA:568,0
DA:570,0
DA:571,0
DA:572,0
DA:573,0
DA:574,0
DA:575,0
DA:576,0
DA:577,0
DA:578,0
DA:579,0
DA:582,0
DA:583,0
DA:585,0
DA:586,0
DA:587,0
DA:589,0
DA:593,0
DA:594,0
DA:595,0
DA:596,0
DA:597,0
DA:600,0
DA:601,0
DA:602,0
DA:603,0
DA:605,0
DA:606,0
DA:607,0
DA:608,0
DA:609,0
DA:610,0
DA:611,0
DA:612,0
DA:613,0
DA:614,0
DA:615,0
DA:617,0
DA:622,0
DA:630,0
DA:631,0
DA:632,0
DA:633,0
DA:635,0
DA:636,0
DA:637,0
DA:638,0
DA:639,0
DA:640,0
DA:641,0
DA:642,0
DA:644,0
DA:646,0
DA:648,0
DA:650,0
DA:653,0
DA:654,0
DA:655,0
DA:657,0
DA:663,0
DA:672,0
DA:673,0
DA:676,0
DA:677,0
DA:678,0
DA:683,0
DA:684,0
DA:685,0
DA:686,0
DA:687,0
DA:688,0
DA:691,0
DA:692,0
DA:694,0
DA:695,0
DA:696,0
DA:697,0
DA:698,0
DA:699,0
DA:705,0
DA:706,0
DA:707,0
DA:708,0
DA:709,0
DA:714,0
DA:715,0
DA:716,0
DA:717,0
DA:718,0
DA:719,0
DA:720,0
DA:721,0
DA:722,0
DA:724,0
DA:725,0
DA:726,0
DA:727,0
DA:728,0
DA:729,0
DA:730,0
DA:731,0
DA:732,0
DA:733,0
DA:734,0
DA:739,0
DA:740,0
DA:741,0
DA:746,0
DA:747,0
DA:751,0
DA:752,0
DA:753,0
DA:754,0
DA:755,0
DA:756,0
DA:757,0
DA:761,0
DA:762,0
DA:763,0
DA:764,0
DA:768,0
DA:769,0
DA:770,0
DA:771,0
DA:772,0
DA:773,0
DA:774,0
DA:775,0
DA:781,0
DA:782,0
DA:785,0
DA:786,0
DA:788,0
DA:789,0
DA:790,0
DA:795,0
DA:796,0
DA:798,0
DA:799,0
DA:801,0
DA:802,0
DA:804,0
DA:805,0
DA:806,0
DA:807,0
DA:808,0
DA:809,0
DA:810,0
DA:811,0
DA:812,0
DA:813,0
DA:814,0
DA:815,0
DA:816,0
DA:817,0
DA:820,0
DA:821,0
DA:822,0
DA:824,0
DA:825,0
DA:826,0
DA:828,0
DA:829,0
DA:830,0
DA:832,0
DA:833,0
DA:834,0
LF:514
LH:0
BRDA:11,0,0,0
BRDA:11,0,1,0
BRDA:14,1,0,0
BRDA:14,1,1,0
BRDA:15,2,0,0
BRDA:15,2,1,0
BRDA:16,3,0,0
BRDA:16,3,1,0
BRDA:16,4,0,0
BRDA:16,4,1,0
BRDA:16,5,0,0
BRDA:16,5,1,0
BRDA:16,6,0,0
BRDA:16,6,1,0
BRDA:17,7,0,0
BRDA:17,7,1,0
BRDA:17,8,0,0
BRDA:17,8,1,0
BRDA:17,9,0,0
BRDA:17,9,1,0
BRDA:21,10,0,0
BRDA:21,10,1,0
BRDA:21,10,2,0
BRDA:21,11,0,0
BRDA:21,11,1,0
BRDA:21,12,0,0
BRDA:21,12,1,0
BRDA:21,13,0,0
BRDA:21,13,1,0
BRDA:24,14,0,0
BRDA:24,14,1,0
BRDA:24,15,0,0
BRDA:24,15,1,0
BRDA:25,16,0,0
BRDA:25,16,1,0
BRDA:28,17,0,0
BRDA:28,17,1,0
BRDA:29,18,0,0
BRDA:29,18,1,0
BRDA:29,19,0,0
BRDA:29,19,1,0
BRDA:29,20,0,0
BRDA:29,20,1,0
BRDA:29,21,0,0
BRDA:29,21,1,0
BRDA:29,22,0,0
BRDA:29,22,1,0
BRDA:30,23,0,0
BRDA:30,23,1,0
BRDA:30,23,2,0
BRDA:30,23,3,0
BRDA:31,24,0,0
BRDA:31,24,1,0
BRDA:31,25,0,0
BRDA:31,25,1,0
BRDA:31,26,0,0
BRDA:31,26,1,0
BRDA:31,27,0,0
BRDA:31,27,1,0
BRDA:31,28,0,0
BRDA:31,28,1,0
BRDA:31,29,0,0
BRDA:31,29,1,0
BRDA:31,30,0,0
BRDA:31,30,1,0
BRDA:31,31,0,0
BRDA:31,31,1,0
BRDA:31,32,0,0
BRDA:31,32,1,0
BRDA:32,33,0,0
BRDA:32,33,1,0
BRDA:32,34,0,0
BRDA:32,34,1,0
BRDA:33,35,0,0
BRDA:33,35,1,0
BRDA:35,36,0,0
BRDA:35,36,1,0
BRDA:35,37,0,0
BRDA:35,37,1,0
BRDA:35,37,2,0
BRDA:35,38,0,0
BRDA:35,38,1,0
BRDA:35,39,0,0
BRDA:35,39,1,0
BRDA:35,40,0,0
BRDA:35,40,1,0
BRDA:40,41,0,0
BRDA:40,41,1,0
BRDA:41,42,0,0
BRDA:41,42,1,0
BRDA:42,43,0,0
BRDA:42,43,1,0
BRDA:43,44,0,0
BRDA:43,44,1,0
BRDA:44,45,0,0
BRDA:44,45,1,0
BRDA:47,46,0,0
BRDA:47,46,1,0
BRDA:52,47,0,0
BRDA:52,47,1,0
BRDA:54,48,0,0
BRDA:54,48,1,0
BRDA:71,49,0,0
BRDA:71,49,1,0
BRDA:73,50,0,0
BRDA:73,50,1,0
BRDA:75,51,0,0
BRDA:75,51,1,0
BRDA:77,52,0,0
BRDA:77,52,1,0
BRDA:77,53,0,0
BRDA:77,53,1,0
BRDA:77,53,2,0
BRDA:82,54,0,0
BRDA:82,54,1,0
BRDA:84,55,0,0
BRDA:84,55,1,0
BRDA:84,56,0,0
BRDA:84,56,1,0
BRDA:84,56,2,0
BRDA:87,57,0,0
BRDA:87,57,1,0
BRDA:95,58,0,0
BRDA:95,58,1,0
BRDA:96,59,0,0
BRDA:96,59,1,0
BRDA:97,60,0,0
BRDA:97,60,1,0
BRDA:98,61,0,0
BRDA:98,61,1,0
BRDA:99,62,0,0
BRDA:99,62,1,0
BRDA:100,63,0,0
BRDA:100,63,1,0
BRDA:119,64,0,0
BRDA:119,64,1,0
BRDA:125,65,0,0
BRDA:125,65,1,0
BRDA:137,66,0,0
BRDA:137,66,1,0
BRDA:137,67,0,0
BRDA:137,67,1,0
BRDA:137,67,2,0
BRDA:142,68,0,0
BRDA:142,68,1,0
BRDA:147,69,0,0
BRDA:147,69,1,0
BRDA:150,70,0,0
BRDA:150,70,1,0
BRDA:155,71,0,0
BRDA:155,71,1,0
BRDA:166,72,0,0
BRDA:166,72,1,0
BRDA:167,73,0,0
BRDA:167,73,1,0
BRDA:177,74,0,0
BRDA:177,74,1,0
BRDA:179,75,0,0
BRDA:179,75,1,0
BRDA:187,76,0,0
BRDA:187,76,1,0
BRDA:191,77,0,0
BRDA:191,77,1,0
BRDA:191,78,0,0
BRDA:191,78,1,0
BRDA:195,79,0,0
BRDA:195,79,1,0
BRDA:195,80,0,0
BRDA:195,80,1,0
BRDA:202,81,0,0
BRDA:202,81,1,0
BRDA:202,82,0,0
BRDA:202,82,1,0
BRDA:205,83,0,0
BRDA:205,83,1,0
BRDA:206,84,0,0
BRDA:206,84,1,0
BRDA:208,85,0,0
BRDA:208,85,1,0
BRDA:208,86,0,0
BRDA:208,86,1,0
BRDA:210,87,0,0
BRDA:210,87,1,0
BRDA:210,87,2,0
BRDA:211,88,0,0
BRDA:211,88,1,0
BRDA:211,88,2,0
BRDA:215,89,0,0
BRDA:215,89,1,0
BRDA:229,90,0,0
BRDA:229,90,1,0
BRDA:230,91,0,0
BRDA:230,91,1,0
BRDA:230,91,2,0
BRDA:240,92,0,0
BRDA:240,92,1,0
BRDA:241,93,0,0
BRDA:241,93,1,0
BRDA:243,94,0,0
BRDA:243,94,1,0
BRDA:247,95,0,0
BRDA:247,95,1,0
BRDA:254,96,0,0
BRDA:254,96,1,0
BRDA:254,97,0,0
BRDA:254,97,1,0
BRDA:258,98,0,0
BRDA:258,98,1,0
BRDA:259,99,0,0
BRDA:259,99,1,0
BRDA:264,100,0,0
BRDA:264,100,1,0
BRDA:277,101,0,0
BRDA:277,101,1,0
BRDA:290,102,0,0
BRDA:290,102,1,0
BRDA:303,103,0,0
BRDA:303,103,1,0
BRDA:317,104,0,0
BRDA:317,104,1,0
BRDA:318,105,0,0
BRDA:318,105,1,0
BRDA:330,106,0,0
BRDA:330,106,1,0
BRDA:330,107,0,0
BRDA:330,107,1,0
BRDA:332,108,0,0
BRDA:332,108,1,0
BRDA:336,109,0,0
BRDA:336,109,1,0
BRDA:336,110,0,0
BRDA:336,110,1,0
BRDA:341,111,0,0
BRDA:341,111,1,0
BRDA:346,112,0,0
BRDA:346,112,1,0
BRDA:346,113,0,0
BRDA:346,113,1,0
BRDA:349,114,0,0
BRDA:349,114,1,0
BRDA:351,115,0,0
BRDA:351,115,1,0
BRDA:352,116,0,0
BRDA:352,116,1,0
BRDA:359,117,0,0
BRDA:359,117,1,0
BRDA:361,118,0,0
BRDA:361,118,1,0
BRDA:362,119,0,0
BRDA:362,119,1,0
BRDA:366,120,0,0
BRDA:366,120,1,0
BRDA:366,121,0,0
BRDA:366,121,1,0
BRDA:366,122,0,0
BRDA:366,122,1,0
BRDA:366,123,0,0
BRDA:366,123,1,0
BRDA:366,124,0,0
BRDA:366,124,1,0
BRDA:366,125,0,0
BRDA:366,125,1,0
BRDA:366,126,0,0
BRDA:366,126,1,0
BRDA:368,127,0,0
BRDA:368,127,1,0
BRDA:372,128,0,0
BRDA:372,128,1,0
BRDA:372,128,2,0
BRDA:373,129,0,0
BRDA:373,129,1,0
BRDA:373,130,0,0
BRDA:373,130,1,0
BRDA:375,131,0,0
BRDA:375,131,1,0
BRDA:377,132,0,0
BRDA:377,132,1,0
BRDA:378,133,0,0
BRDA:378,133,1,0
BRDA:378,134,0,0
BRDA:378,134,1,0
BRDA:378,135,0,0
BRDA:378,135,1,0
BRDA:378,136,0,0
BRDA:378,136,1,0
BRDA:379,137,0,0
BRDA:379,137,1,0
BRDA:379,138,0,0
BRDA:379,138,1,0
BRDA:379,139,0,0
BRDA:379,139,1,0
BRDA:383,140,0,0
BRDA:383,140,1,0
BRDA:393,141,0,0
BRDA:393,141,1,0
BRDA:394,142,0,0
BRDA:394,142,1,0
BRDA:394,142,2,0
BRDA:409,143,0,0
BRDA:409,143,1,0
BRDA:409,144,0,0
BRDA:409,144,1,0
BRDA:409,145,0,0
BRDA:409,145,1,0
BRDA:409,146,0,0
BRDA:409,146,1,0
BRDA:409,147,0,0
BRDA:409,147,1,0
BRDA:409,148,0,0
BRDA:409,148,1,0
BRDA:409,149,0,0
BRDA:409,149,1,0
BRDA:409,150,0,0
BRDA:409,150,1,0
BRDA:409,151,0,0
BRDA:409,151,1,0
BRDA:410,152,0,0
BRDA:410,152,1,0
BRDA:410,153,0,0
BRDA:410,153,1,0
BRDA:412,154,0,0
BRDA:412,154,1,0
BRDA:414,155,0,0
BRDA:414,155,1,0
BRDA:414,156,0,0
BRDA:414,156,1,0
BRDA:414,157,0,0
BRDA:414,157,1,0
BRDA:414,158,0,0
BRDA:414,158,1,0
BRDA:414,158,2,0
BRDA:414,159,0,0
BRDA:414,159,1,0
BRDA:415,160,0,0
BRDA:415,160,1,0
BRDA:415,161,0,0
BRDA:415,161,1,0
BRDA:415,162,0,0
BRDA:415,162,1,0
BRDA:415,162,2,0
BRDA:416,163,0,0
BRDA:416,163,1,0
BRDA:416,164,0,0
BRDA:416,164,1,0
BRDA:416,165,0,0
BRDA:416,165,1,0
BRDA:416,166,0,0
BRDA:416,166,1,0
BRDA:416,167,0,0
BRDA:416,167,1,0
BRDA:416,168,0,0
BRDA:416,168,1,0
BRDA:416,168,2,0
BRDA:416,169,0,0
BRDA:416,169,1,0
BRDA:416,170,0,0
BRDA:416,170,1,0
BRDA:426,171,0,0
BRDA:426,171,1,0
BRDA:435,172,0,0
BRDA:435,172,1,0
BRDA:436,173,0,0
BRDA:436,173,1,0
BRDA:447,174,0,0
BRDA:447,174,1,0
BRDA:449,175,0,0
BRDA:449,175,1,0
BRDA:450,176,0,0
BRDA:450,176,1,0
BRDA:457,177,0,0
BRDA:457,177,1,0
BRDA:457,178,0,0
BRDA:457,178,1,0
BRDA:457,178,2,0
BRDA:457,179,0,0
BRDA:457,179,1,0
BRDA:458,180,0,0
BRDA:458,180,1,0
BRDA:459,181,0,0
BRDA:459,181,1,0
BRDA:459,182,0,0
BRDA:459,182,1,0
BRDA:459,183,0,0
BRDA:459,183,1,0
BRDA:459,183,2,0
BRDA:459,184,0,0
BRDA:459,184,1,0
BRDA:459,185,0,0
BRDA:459,185,1,0
BRDA:459,186,0,0
BRDA:459,186,1,0
BRDA:459,187,0,0
BRDA:459,187,1,0
BRDA:466,188,0,0
BRDA:466,188,1,0
BRDA:469,189,0,0
BRDA:469,189,1,0
BRDA:469,190,0,0
BRDA:469,190,1,0
BRDA:471,191,0,0
BRDA:471,191,1,0
BRDA:473,192,0,0
BRDA:473,192,1,0
BRDA:473,192,2,0
BRDA:475,193,0,0
BRDA:475,193,1,0
BRDA:477,194,0,0
BRDA:477,194,1,0
BRDA:477,195,0,0
BRDA:477,195,1,0
BRDA:485,196,0,0
BRDA:485,196,1,0
BRDA:485,196,2,0
BRDA:497,197,0,0
BRDA:497,197,1,0
BRDA:497,198,0,0
BRDA:497,198,1,0
BRDA:500,199,0,0
BRDA:500,199,1,0
BRDA:513,200,0,0
BRDA:513,200,1,0
BRDA:517,201,0,0
BRDA:517,201,1,0
BRDA:519,202,0,0
BRDA:519,202,1,0
BRDA:520,203,0,0
BRDA:520,203,1,0
BRDA:520,203,2,0
BRDA:521,204,0,0
BRDA:521,204,1,0
BRDA:521,205,0,0
BRDA:521,205,1,0
BRDA:521,205,2,0
BRDA:526,206,0,0
BRDA:526,206,1,0
BRDA:535,207,0,0
BRDA:535,207,1,0
BRDA:535,207,2,0
BRDA:535,207,3,0
BRDA:535,207,4,0
BRDA:536,208,0,0
BRDA:536,208,1,0
BRDA:541,209,0,0
BRDA:541,209,1,0
BRDA:541,210,0,0
BRDA:541,210,1,0
BRDA:545,211,0,0
BRDA:545,211,1,0
BRDA:546,212,0,0
BRDA:546,212,1,0
BRDA:551,213,0,0
BRDA:551,213,1,0
BRDA:554,214,0,0
BRDA:554,214,1,0
BRDA:555,215,0,0
BRDA:555,215,1,0
BRDA:556,216,0,0
BRDA:556,216,1,0
BRDA:557,217,0,0
BRDA:557,217,1,0
BRDA:558,218,0,0
BRDA:558,218,1,0
BRDA:562,219,0,0
BRDA:562,219,1,0
BRDA:562,220,0,0
BRDA:562,220,1,0
BRDA:567,221,0,0
BRDA:567,221,1,0
BRDA:575,222,0,0
BRDA:575,222,1,0
BRDA:576,223,0,0
BRDA:576,223,1,0
BRDA:577,224,0,0
BRDA:577,224,1,0
BRDA:578,225,0,0
BRDA:578,225,1,0
BRDA:579,226,0,0
BRDA:579,226,1,0
BRDA:585,227,0,0
BRDA:585,227,1,0
BRDA:585,228,0,0
BRDA:585,228,1,0
BRDA:586,229,0,0
BRDA:586,229,1,0
BRDA:594,230,0,0
BRDA:594,230,1,0
BRDA:594,231,0,0
BRDA:594,231,1,0
BRDA:596,232,0,0
BRDA:596,232,1,0
BRDA:596,233,0,0
BRDA:596,233,1,0
BRDA:601,234,0,0
BRDA:601,234,1,0
BRDA:603,235,0,0
BRDA:603,235,1,0
BRDA:606,236,0,0
BRDA:606,236,1,0
BRDA:607,237,0,0
BRDA:607,237,1,0
BRDA:607,238,0,0
BRDA:607,238,1,0
BRDA:612,239,0,0
BRDA:612,239,1,0
BRDA:614,240,0,0
BRDA:614,240,1,0
BRDA:623,241,0,0
BRDA:623,241,1,0
BRDA:624,242,0,0
BRDA:624,242,1,0
BRDA:625,243,0,0
BRDA:625,243,1,0
BRDA:626,244,0,0
BRDA:626,244,1,0
BRDA:631,245,0,0
BRDA:631,245,1,0
BRDA:632,246,0,0
BRDA:632,246,1,0
BRDA:633,247,0,0
BRDA:633,247,1,0
BRDA:633,248,0,0
BRDA:633,248,1,0
BRDA:637,249,0,0
BRDA:637,249,1,0
BRDA:641,250,0,0
BRDA:641,250,1,0
BRDA:642,251,0,0
BRDA:642,251,1,0
BRDA:644,252,0,0
BRDA:644,252,1,0
BRDA:654,253,0,0
BRDA:654,253,1,0
BRDA:655,254,0,0
BRDA:655,254,1,0
BRDA:659,255,0,0
BRDA:659,255,1,0
BRDA:673,256,0,0
BRDA:673,256,1,0
BRDA:678,257,0,0
BRDA:678,257,1,0
BRDA:686,258,0,0
BRDA:686,258,1,0
BRDA:686,259,0,0
BRDA:686,259,1,0
BRDA:691,260,0,0
BRDA:691,260,1,0
BRDA:691,260,2,0
BRDA:691,260,3,0
BRDA:691,260,4,0
BRDA:692,261,0,0
BRDA:692,261,1,0
BRDA:695,262,0,0
BRDA:695,262,1,0
BRDA:697,263,0,0
BRDA:697,263,1,0
BRDA:698,264,0,0
BRDA:698,264,1,0
BRDA:699,265,0,0
BRDA:699,265,1,0
BRDA:706,266,0,0
BRDA:706,266,1,0
BRDA:706,267,0,0
BRDA:706,267,1,0
BRDA:708,268,0,0
BRDA:708,268,1,0
BRDA:717,269,0,0
BRDA:717,269,1,0
BRDA:717,269,2,0
BRDA:717,269,3,0
BRDA:717,269,4,0
BRDA:718,270,0,0
BRDA:718,270,1,0
BRDA:718,271,0,0
BRDA:718,271,1,0
BRDA:718,271,2,0
BRDA:726,272,0,0
BRDA:726,272,1,0
BRDA:728,273,0,0
BRDA:728,273,1,0
BRDA:729,274,0,0
BRDA:729,274,1,0
BRDA:730,275,0,0
BRDA:730,275,1,0
BRDA:731,276,0,0
BRDA:731,276,1,0
BRDA:732,277,0,0
BRDA:732,277,1,0
BRDA:739,278,0,0
BRDA:739,278,1,0
BRDA:739,279,0,0
BRDA:739,279,1,0
BRDA:746,280,0,0
BRDA:746,280,1,0
BRDA:746,281,0,0
BRDA:746,281,1,0
BRDA:755,282,0,0
BRDA:755,282,1,0
BRDA:755,283,0,0
BRDA:755,283,1,0
BRDA:756,284,0,0
BRDA:756,284,1,0
BRDA:762,285,0,0
BRDA:762,285,1,0
BRDA:769,286,0,0
BRDA:769,286,1,0
BRDA:771,287,0,0
BRDA:771,287,1,0
BRDA:771,287,2,0
BRDA:772,288,0,0
BRDA:772,288,1,0
BRDA:785,289,0,0
BRDA:785,289,1,0
BRDA:790,290,0,0
BRDA:790,290,1,0
BRDA:796,291,0,0
BRDA:796,291,1,0
BRDA:796,292,0,0
BRDA:796,292,1,0
BRDA:799,293,0,0
BRDA:799,293,1,0
BRDA:799,294,0,0
BRDA:799,294,1,0
BRDA:802,295,0,0
BRDA:802,295,1,0
BRDA:802,296,0,0
BRDA:802,296,1,0
BRDA:806,297,0,0
BRDA:806,297,1,0
BRDA:808,298,0,0
BRDA:808,298,1,0
BRDA:808,299,0,0
BRDA:808,299,1,0
BRDA:809,300,0,0
BRDA:809,300,1,0
BRDA:809,301,0,0
BRDA:809,301,1,0
BRDA:810,302,0,0
BRDA:810,302,1,0
BRDA:810,303,0,0
BRDA:810,303,1,0
BRDA:810,304,0,0
BRDA:810,304,1,0
BRDA:811,305,0,0
BRDA:811,305,1,0
BRDA:811,306,0,0
BRDA:811,306,1,0
BRDA:812,307,0,0
BRDA:812,307,1,0
BRDA:812,308,0,0
BRDA:812,308,1,0
BRDA:813,309,0,0
BRDA:813,309,1,0
BRDA:813,310,0,0
BRDA:813,310,1,0
BRDA:814,311,0,0
BRDA:814,311,1,0
BRDA:817,312,0,0
BRDA:817,312,1,0
BRDA:822,313,0,0
BRDA:822,313,1,0
BRDA:822,314,0,0
BRDA:822,314,1,0
BRDA:822,315,0,0
BRDA:822,315,1,0
BRDA:826,316,0,0
BRDA:826,316,1,0
BRDA:826,317,0,0
BRDA:826,317,1,0
BRDA:826,318,0,0
BRDA:826,318,1,0
BRDA:830,319,0,0
BRDA:830,319,1,0
BRDA:830,320,0,0
BRDA:830,320,1,0
BRDA:830,321,0,0
BRDA:830,321,1,0
BRDA:834,322,0,0
BRDA:834,322,1,0
BRDA:834,323,0,0
BRDA:834,323,1,0
BRDA:834,324,0,0
BRDA:834,324,1,0
BRF:682
BRH:0
end_of_record
TN:
SF:assets\js\ceo-module.js
FN:21,ceoDragStart
FN:21,(anonymous_1)
FN:22,ceoDragOver
FN:23,ceoDrop
FN:30,ceoDragEnd
FN:32,sortCeoTable
FN:42,saveCeoBoard
FN:44,get30DayVolume
FN:50,(anonymous_8)
FN:65,autoPopulateCeoBoard
FN:67,(anonymous_10)
FN:68,(anonymous_11)
FN:80,initCeoCharts
FN:118,(anonymous_13)
FN:126,(anonymous_14)
FN:156,(anonymous_15)
FN:164,(anonymous_16)
FN:167,(anonymous_17)
FN:174,(anonymous_18)
FN:190,(anonymous_19)
FN:213,renderCeoTerminal
FN:217,(anonymous_21)
FN:220,(anonymous_22)
FN:221,(anonymous_23)
FN:246,toggleCeoBtn
FN:251,updateCeoEngine
FN:261,(anonymous_26)
FN:274,(anonymous_27)
FN:320,(anonymous_28)
FN:329,_buildCeoTable
FN:330,(anonymous_30)
FN:356,(anonymous_31)
FN:383,(anonymous_32)
FN:404,(anonymous_33)
FN:450,(anonymous_34)
FN:464,_updateCeoCharts
FN:503,(anonymous_36)
FN:503,(anonymous_37)
FN:509,(anonymous_38)
FN:509,(anonymous_39)
FN:513,(anonymous_40)
FN:514,(anonymous_41)
FN:519,(anonymous_42)
FN:520,(anonymous_43)
FN:525,removeCeoProduct
FN:528,openCeoAddModal
FN:540,renderUnifiedBuilderTable
FN:541,(anonymous_47)
FN:554,(anonymous_48)
FN:565,(anonymous_49)
FN:580,(anonymous_50)
FN:584,(anonymous_51)
FN:598,(anonymous_52)
FN:600,(anonymous_53)
FN:606,(anonymous_54)
FN:608,(anonymous_55)
FN:623,(anonymous_56)
FN:628,(anonymous_57)
FN:631,(anonymous_58)
FN:647,sortLtvModal
FN:657,renderLtvWhalesTable
FN:661,(anonymous_61)
FN:677,(anonymous_62)
FN:693,(anonymous_63)
FN:701,(anonymous_64)
FN:709,(anonymous_65)
FN:739,(anonymous_66)
FN:745,(anonymous_67)
FN:777,(anonymous_68)
FN:785,(anonymous_69)
FN:798,(anonymous_70)
FN:806,(anonymous_71)
FN:811,(anonymous_72)
FN:819,(anonymous_73)
FNF:74
FNH:5
FNDA:0,ceoDragStart
FNDA:0,(anonymous_1)
FNDA:0,ceoDragOver
FNDA:0,ceoDrop
FNDA:0,ceoDragEnd
FNDA:0,sortCeoTable
FNDA:0,saveCeoBoard
FNDA:0,get30DayVolume
FNDA:0,(anonymous_8)
FNDA:0,autoPopulateCeoBoard
FNDA:0,(anonymous_10)
FNDA:0,(anonymous_11)
FNDA:0,initCeoCharts
FNDA:0,(anonymous_13)
FNDA:0,(anonymous_14)
FNDA:0,(anonymous_15)
FNDA:0,(anonymous_16)
FNDA:0,(anonymous_17)
FNDA:0,(anonymous_18)
FNDA:0,(anonymous_19)
FNDA:0,renderCeoTerminal
FNDA:0,(anonymous_21)
FNDA:0,(anonymous_22)
FNDA:0,(anonymous_23)
FNDA:0,toggleCeoBtn
FNDA:0,updateCeoEngine
FNDA:2,(anonymous_26)
FNDA:4,(anonymous_27)
FNDA:0,(anonymous_28)
FNDA:0,_buildCeoTable
FNDA:0,(anonymous_30)
FNDA:0,(anonymous_31)
FNDA:1,(anonymous_32)
FNDA:6,(anonymous_33)
FNDA:3,(anonymous_34)
FNDA:0,_updateCeoCharts
FNDA:0,(anonymous_36)
FNDA:0,(anonymous_37)
FNDA:0,(anonymous_38)
FNDA:0,(anonymous_39)
FNDA:0,(anonymous_40)
FNDA:0,(anonymous_41)
FNDA:0,(anonymous_42)
FNDA:0,(anonymous_43)
FNDA:0,removeCeoProduct
FNDA:0,openCeoAddModal
FNDA:0,renderUnifiedBuilderTable
FNDA:0,(anonymous_47)
FNDA:0,(anonymous_48)
FNDA:0,(anonymous_49)
FNDA:0,(anonymous_50)
FNDA:0,(anonymous_51)
FNDA:0,(anonymous_52)
FNDA:0,(anonymous_53)
FNDA:0,(anonymous_54)
FNDA:0,(anonymous_55)
FNDA:0,(anonymous_56)
FNDA:0,(anonymous_57)
FNDA:0,(anonymous_58)
FNDA:0,sortLtvModal
FNDA:0,renderLtvWhalesTable
FNDA:0,(anonymous_61)
FNDA:0,(anonymous_62)
FNDA:0,(anonymous_63)
FNDA:0,(anonymous_64)
FNDA:0,(anonymous_65)
FNDA:0,(anonymous_66)
FNDA:0,(anonymous_67)
FNDA:0,(anonymous_68)
FNDA:0,(anonymous_69)
FNDA:0,(anonymous_70)
FNDA:0,(anonymous_71)
FNDA:0,(anonymous_72)
FNDA:0,(anonymous_73)
DA:14,1
DA:17,1
DA:18,1
DA:19,1
DA:21,0
DA:22,0
DA:24,0
DA:25,0
DA:26,0
DA:27,0
DA:28,0
DA:30,0
DA:33,0
DA:34,0
DA:35,0
DA:39,1
DA:40,1
DA:42,0
DA:45,0
DA:46,0
DA:47,0
DA:48,0
DA:49,0
DA:50,0
DA:51,0
DA:52,0
DA:53,0
DA:57,0
DA:58,0
DA:66,0
DA:67,0
DA:68,0
DA:69,0
DA:70,0
DA:71,0
DA:72,0
DA:81,0
DA:82,0
DA:83,0
DA:84,0
DA:86,0
DA:87,0
DA:88,0
DA:89,0
DA:119,0
DA:120,0
DA:121,0
DA:127,0
DA:128,0
DA:129,0
DA:141,0
DA:145,0
DA:146,0
DA:147,0
DA:156,0
DA:160,0
DA:161,0
DA:162,0
DA:164,0
DA:167,0
DA:175,0
DA:176,0
DA:177,0
DA:178,0
DA:179,0
DA:180,0
DA:191,0
DA:192,0
DA:193,0
DA:194,0
DA:195,0
DA:196,0
DA:197,0
DA:206,0
DA:207,0
DA:209,0
DA:210,0
DA:214,0
DA:215,0
DA:217,0
DA:219,0
DA:220,0
DA:221,0
DA:223,0
DA:240,0
DA:241,0
DA:242,0
DA:243,0
DA:247,0
DA:248,0
DA:252,0
DA:253,0
DA:254,0
DA:255,0
DA:256,0
DA:257,0
DA:258,0
DA:261,1
DA:263,2
DA:264,2
DA:265,2
DA:266,2
DA:267,2
DA:268,2
DA:270,2
DA:271,2
DA:273,2
DA:274,2
DA:275,4
DA:276,4
DA:277,4
DA:278,4
DA:280,4
DA:281,4
DA:282,4
DA:284,4
DA:285,4
DA:286,4
DA:288,4
DA:289,4
DA:291,4
DA:292,4
DA:293,4
DA:294,4
DA:295,4
DA:296,4
DA:297,4
DA:298,4
DA:299,4
DA:300,4
DA:301,4
DA:302,4
DA:304,4
DA:305,4
DA:306,4
DA:308,4
DA:309,4
DA:311,4
DA:312,4
DA:314,4
DA:319,2
DA:320,0
DA:321,0
DA:322,0
DA:323,0
DA:326,2
DA:330,0
DA:332,0
DA:353,0
DA:354,0
DA:356,0
DA:357,0
DA:374,0
DA:376,0
DA:377,0
DA:378,0
DA:379,0
DA:383,1
DA:384,1
DA:385,1
DA:387,1
DA:388,1
DA:390,1
DA:391,1
DA:393,1
DA:394,1
DA:396,1
DA:397,1
DA:398,1
DA:400,1
DA:401,1
DA:402,1
DA:404,1
DA:405,6
DA:406,6
DA:407,6
DA:408,6
DA:410,6
DA:411,6
DA:412,6
DA:413,3
DA:416,6
DA:417,6
DA:418,6
DA:420,6
DA:421,6
DA:422,3
DA:423,3
DA:425,0
DA:426,0
DA:428,6
DA:430,6
DA:431,5
DA:440,6
DA:441,6
DA:442,6
DA:445,6
DA:449,1
DA:450,3
DA:452,1
DA:453,1
DA:454,1
DA:457,1
DA:458,1
DA:460,1
DA:461,1
DA:465,0
DA:466,0
DA:467,0
DA:468,0
DA:469,0
DA:470,0
DA:472,0
DA:473,0
DA:483,0
DA:486,0
DA:487,0
DA:488,0
DA:489,0
DA:492,0
DA:493,0
DA:494,0
DA:495,0
DA:496,0
DA:499,0
DA:500,0
DA:501,0
DA:502,0
DA:503,0
DA:504,0
DA:507,0
DA:508,0
DA:509,0
DA:510,0
DA:513,1
DA:514,0
DA:515,0
DA:516,0
DA:517,0
DA:518,0
DA:519,0
DA:520,0
DA:525,0
DA:530,0
DA:531,0
DA:532,0
DA:533,0
DA:534,0
DA:536,0
DA:537,0
DA:541,0
DA:542,0
DA:554,0
DA:555,0
DA:556,0
DA:565,0
DA:566,0
DA:567,0
DA:568,0
DA:576,0
DA:577,0
DA:580,1
DA:581,0
DA:582,0
DA:583,0
DA:584,0
DA:586,0
DA:587,0
DA:589,0
DA:590,0
DA:593,0
DA:594,0
DA:595,0
DA:598,1
DA:599,0
DA:600,0
DA:601,0
DA:602,0
DA:606,1
DA:607,0
DA:608,0
DA:609,0
DA:610,0
DA:611,0
DA:615,0
DA:617,0
DA:619,0
DA:621,0
DA:622,0
DA:623,0
DA:625,0
DA:628,0
DA:630,0
DA:631,0
DA:632,0
DA:633,0
DA:635,0
DA:639,0
DA:640,0
DA:644,1
DA:645,1
DA:648,0
DA:649,0
DA:651,0
DA:652,0
DA:654,0
DA:658,0
DA:659,0
DA:661,0
DA:662,0
DA:663,0
DA:664,0
DA:665,0
DA:667,0
DA:668,0
DA:669,0
DA:672,0
DA:674,0
DA:675,0
DA:677,0
DA:678,0
DA:679,0
DA:690,0
DA:693,1
DA:694,0
DA:695,0
DA:698,0
DA:699,0
DA:701,0
DA:702,0
DA:703,0
DA:704,0
DA:705,0
DA:708,0
DA:709,0
DA:710,0
DA:723,0
DA:724,0
DA:725,0
DA:726,0
DA:728,0
DA:729,0
DA:730,0
DA:731,0
DA:733,0
DA:735,0
DA:736,0
DA:739,1
DA:740,0
DA:741,0
DA:745,1
DA:746,0
DA:747,0
DA:748,0
DA:750,0
DA:751,0
DA:752,0
DA:753,0
DA:754,0
DA:757,0
DA:758,0
DA:759,0
DA:760,0
DA:763,0
DA:764,0
DA:765,0
DA:766,0
DA:769,0
DA:770,0
DA:771,0
DA:772,0
DA:774,0
DA:777,1
DA:778,0
DA:779,0
DA:780,0
DA:781,0
DA:782,0
DA:785,1
DA:786,0
DA:787,0
DA:788,0
DA:789,0
DA:790,0
DA:791,0
DA:792,0
DA:793,0
DA:795,0
DA:798,1
DA:799,0
DA:800,0
DA:801,0
DA:802,0
DA:803,0
DA:806,1
DA:807,0
DA:808,0
DA:809,0
DA:811,1
DA:812,0
DA:813,0
DA:814,0
DA:815,0
DA:816,0
DA:819,1
DA:820,0
DA:821,0
DA:822,0
LF:408
LH:113
BRDA:25,0,0,0
BRDA:25,0,1,0
BRDA:25,1,0,0
BRDA:25,1,1,0
BRDA:33,2,0,0
BRDA:33,2,1,0
BRDA:39,3,0,1
BRDA:39,3,1,0
BRDA:42,4,0,0
BRDA:42,4,1,0
BRDA:46,5,0,0
BRDA:46,5,1,0
BRDA:46,6,0,0
BRDA:46,6,1,0
BRDA:46,6,2,0
BRDA:51,7,0,0
BRDA:51,7,1,0
BRDA:52,8,0,0
BRDA:52,8,1,0
BRDA:52,9,0,0
BRDA:52,9,1,0
BRDA:53,10,0,0
BRDA:53,10,1,0
BRDA:66,11,0,0
BRDA:66,11,1,0
BRDA:67,12,0,0
BRDA:67,12,1,0
BRDA:67,12,2,0
BRDA:67,13,0,0
BRDA:67,13,1,0
BRDA:67,14,0,0
BRDA:67,14,1,0
BRDA:70,15,0,0
BRDA:70,15,1,0
BRDA:82,16,0,0
BRDA:82,16,1,0
BRDA:83,17,0,0
BRDA:83,17,1,0
BRDA:83,18,0,0
BRDA:83,18,1,0
BRDA:83,19,0,0
BRDA:83,19,1,0
BRDA:84,20,0,0
BRDA:84,20,1,0
BRDA:87,21,0,0
BRDA:87,21,1,0
BRDA:119,22,0,0
BRDA:119,22,1,0
BRDA:119,23,0,0
BRDA:119,23,1,0
BRDA:119,23,2,0
BRDA:121,24,0,0
BRDA:121,24,1,0
BRDA:128,25,0,0
BRDA:128,25,1,0
BRDA:128,26,0,0
BRDA:128,26,1,0
BRDA:128,26,2,0
BRDA:141,27,0,0
BRDA:141,27,1,0
BRDA:146,28,0,0
BRDA:146,28,1,0
BRDA:156,29,0,0
BRDA:156,29,1,0
BRDA:161,30,0,0
BRDA:161,30,1,0
BRDA:177,31,0,0
BRDA:177,31,1,0
BRDA:178,32,0,0
BRDA:178,32,1,0
BRDA:178,33,0,0
BRDA:178,33,1,0
BRDA:178,34,0,0
BRDA:178,34,1,0
BRDA:191,35,0,0
BRDA:191,35,1,0
BRDA:193,36,0,0
BRDA:193,36,1,0
BRDA:195,37,0,0
BRDA:195,37,1,0
BRDA:195,38,0,0
BRDA:195,38,1,0
BRDA:195,39,0,0
BRDA:195,39,1,0
BRDA:207,40,0,0
BRDA:207,40,1,0
BRDA:210,41,0,0
BRDA:210,41,1,0
BRDA:221,42,0,0
BRDA:221,42,1,0
BRDA:221,43,0,0
BRDA:221,43,1,0
BRDA:221,44,0,0
BRDA:221,44,1,0
BRDA:241,45,0,0
BRDA:241,45,1,0
BRDA:241,46,0,0
BRDA:241,46,1,0
BRDA:242,47,0,0
BRDA:242,47,1,0
BRDA:258,48,0,0
BRDA:258,48,1,0
BRDA:264,49,0,2
BRDA:264,49,1,0
BRDA:264,50,0,2
BRDA:264,50,1,0
BRDA:266,51,0,2
BRDA:266,51,1,0
BRDA:266,52,0,2
BRDA:266,52,1,0
BRDA:268,53,0,2
BRDA:268,53,1,0
BRDA:268,54,0,2
BRDA:268,54,1,0
BRDA:276,55,0,4
BRDA:276,55,1,0
BRDA:276,56,0,4
BRDA:276,56,1,0
BRDA:276,57,0,0
BRDA:276,57,1,0
BRDA:278,58,0,4
BRDA:278,58,1,0
BRDA:278,59,0,4
BRDA:278,59,1,0
BRDA:280,60,0,2
BRDA:280,60,1,2
BRDA:281,61,0,2
BRDA:281,61,1,2
BRDA:282,62,0,2
BRDA:282,62,1,2
BRDA:284,63,0,0
BRDA:284,63,1,4
BRDA:284,64,0,4
BRDA:284,64,1,4
BRDA:284,65,0,0
BRDA:284,65,1,0
BRDA:286,66,0,4
BRDA:286,66,1,0
BRDA:286,67,0,4
BRDA:286,67,1,0
BRDA:308,68,0,4
BRDA:308,68,1,0
BRDA:311,69,0,4
BRDA:311,69,1,0
BRDA:319,70,0,0
BRDA:319,70,1,2
BRDA:322,71,0,0
BRDA:322,71,1,0
BRDA:322,72,0,0
BRDA:322,72,1,0
BRDA:323,73,0,0
BRDA:323,73,1,0
BRDA:330,74,0,0
BRDA:330,74,1,0
BRDA:330,75,0,0
BRDA:330,75,1,0
BRDA:353,76,0,0
BRDA:353,76,1,0
BRDA:370,77,0,0
BRDA:370,77,1,0
BRDA:377,78,0,0
BRDA:377,78,1,0
BRDA:378,79,0,0
BRDA:378,79,1,0
BRDA:379,80,0,0
BRDA:379,80,1,0
BRDA:385,81,0,1
BRDA:385,81,1,0
BRDA:388,82,0,1
BRDA:388,82,1,0
BRDA:391,83,0,1
BRDA:391,83,1,0
BRDA:394,84,0,1
BRDA:394,84,1,0
BRDA:394,85,0,1
BRDA:394,85,1,0
BRDA:396,86,0,0
BRDA:396,86,1,1
BRDA:397,87,0,1
BRDA:397,87,1,0
BRDA:398,88,0,1
BRDA:398,88,1,0
BRDA:400,89,0,1
BRDA:400,89,1,0
BRDA:400,90,0,1
BRDA:400,90,1,1
BRDA:400,90,2,1
BRDA:405,91,0,6
BRDA:405,91,1,6
BRDA:406,92,0,6
BRDA:406,92,1,6
BRDA:406,93,0,6
BRDA:406,93,1,6
BRDA:407,94,0,6
BRDA:407,94,1,0
BRDA:410,95,0,6
BRDA:410,95,1,0
BRDA:411,96,0,6
BRDA:411,96,1,0
BRDA:411,97,0,6
BRDA:411,97,1,6
BRDA:412,98,0,3
BRDA:412,98,1,3
BRDA:416,99,0,6
BRDA:416,99,1,0
BRDA:417,100,0,6
BRDA:417,100,1,0
BRDA:418,101,0,6
BRDA:418,101,1,4
BRDA:418,101,2,4
BRDA:418,101,3,4
BRDA:420,102,0,6
BRDA:420,102,1,0
BRDA:421,103,0,3
BRDA:421,103,1,3
BRDA:421,104,0,6
BRDA:421,104,1,4
BRDA:425,105,0,0
BRDA:425,105,1,0
BRDA:430,106,0,5
BRDA:430,106,1,1
BRDA:432,107,0,5
BRDA:432,107,1,0
BRDA:433,108,0,5
BRDA:433,108,1,5
BRDA:433,108,2,5
BRDA:435,109,0,5
BRDA:435,109,1,5
BRDA:435,110,0,5
BRDA:435,110,1,5
BRDA:440,111,0,6
BRDA:440,111,1,6
BRDA:440,111,2,6
BRDA:441,112,0,0
BRDA:441,112,1,6
BRDA:452,113,0,1
BRDA:452,113,1,0
BRDA:453,114,0,1
BRDA:453,114,1,0
BRDA:458,115,0,1
BRDA:458,115,1,0
BRDA:461,116,0,1
BRDA:461,116,1,0
BRDA:472,117,0,0
BRDA:472,117,1,0
BRDA:486,118,0,0
BRDA:486,118,1,0
BRDA:492,119,0,0
BRDA:492,119,1,0
BRDA:501,120,0,0
BRDA:501,120,1,0
BRDA:507,121,0,0
BRDA:507,121,1,0
BRDA:517,122,0,0
BRDA:517,122,1,0
BRDA:517,123,0,0
BRDA:517,123,1,0
BRDA:541,124,0,0
BRDA:541,124,1,0
BRDA:541,124,2,0
BRDA:541,125,0,0
BRDA:541,125,1,0
BRDA:541,126,0,0
BRDA:541,126,1,0
BRDA:555,127,0,0
BRDA:555,127,1,0
BRDA:567,128,0,0
BRDA:567,128,1,0
BRDA:577,129,0,0
BRDA:577,129,1,0
BRDA:582,130,0,0
BRDA:582,130,1,0
BRDA:584,131,0,0
BRDA:584,131,1,0
BRDA:586,132,0,0
BRDA:586,132,1,0
BRDA:587,133,0,0
BRDA:587,133,1,0
BRDA:602,134,0,0
BRDA:602,134,1,0
BRDA:609,135,0,0
BRDA:609,135,1,0
BRDA:610,136,0,0
BRDA:610,136,1,0
BRDA:615,137,0,0
BRDA:615,137,1,0
BRDA:619,138,0,0
BRDA:619,138,1,0
BRDA:631,139,0,0
BRDA:631,139,1,0
BRDA:644,140,0,1
BRDA:644,140,1,1
BRDA:645,141,0,0
BRDA:645,141,1,1
BRDA:648,142,0,0
BRDA:648,142,1,0
BRDA:659,143,0,0
BRDA:659,143,1,0
BRDA:659,144,0,0
BRDA:659,144,1,0
BRDA:664,145,0,0
BRDA:664,145,1,0
BRDA:664,146,0,0
BRDA:664,146,1,0
BRDA:665,147,0,0
BRDA:665,147,1,0
BRDA:667,148,0,0
BRDA:667,148,1,0
BRDA:667,149,0,0
BRDA:667,149,1,0
BRDA:668,150,0,0
BRDA:668,150,1,0
BRDA:668,151,0,0
BRDA:668,151,1,0
BRDA:674,152,0,0
BRDA:674,152,1,0
BRDA:686,153,0,0
BRDA:686,153,1,0
BRDA:690,154,0,0
BRDA:690,154,1,0
BRDA:694,155,0,0
BRDA:694,155,1,0
BRDA:703,156,0,0
BRDA:703,156,1,0
BRDA:704,157,0,0
BRDA:704,157,1,0
BRDA:708,158,0,0
BRDA:708,158,1,0
BRDA:728,159,0,0
BRDA:728,159,1,0
BRDA:729,160,0,0
BRDA:729,160,1,0
BRDA:730,161,0,0
BRDA:730,161,1,0
BRDA:731,162,0,0
BRDA:731,162,1,0
BRDA:736,163,0,0
BRDA:736,163,1,0
BRDA:741,164,0,0
BRDA:741,164,1,0
BRDA:747,165,0,0
BRDA:747,165,1,0
BRDA:747,166,0,0
BRDA:747,166,1,0
BRDA:748,167,0,0
BRDA:748,167,1,0
BRDA:751,168,0,0
BRDA:751,168,1,0
BRDA:754,169,0,0
BRDA:754,169,1,0
BRDA:754,170,0,0
BRDA:754,170,1,0
BRDA:758,171,0,0
BRDA:758,171,1,0
BRDA:760,172,0,0
BRDA:760,172,1,0
BRDA:764,173,0,0
BRDA:764,173,1,0
BRDA:766,174,0,0
BRDA:766,174,1,0
BRDA:770,175,0,0
BRDA:770,175,1,0
BRDA:772,176,0,0
BRDA:772,176,1,0
BRDA:779,177,0,0
BRDA:779,177,1,0
BRDA:779,178,0,0
BRDA:779,178,1,0
BRDA:781,179,0,0
BRDA:781,179,1,0
BRDA:787,180,0,0
BRDA:787,180,1,0
BRDA:787,181,0,0
BRDA:787,181,1,0
BRDA:789,182,0,0
BRDA:789,182,1,0
BRDA:792,183,0,0
BRDA:792,183,1,0
BRDA:799,184,0,0
BRDA:799,184,1,0
BRDA:799,185,0,0
BRDA:799,185,1,0
BRDA:801,186,0,0
BRDA:801,186,1,0
BRDA:803,187,0,0
BRDA:803,187,1,0
BRDA:807,188,0,0
BRDA:807,188,1,0
BRDA:807,189,0,0
BRDA:807,189,1,0
BRDA:809,190,0,0
BRDA:809,190,1,0
BRDA:812,191,0,0
BRDA:812,191,1,0
BRDA:812,192,0,0
BRDA:812,192,1,0
BRDA:814,193,0,0
BRDA:814,193,1,0
BRDA:816,194,0,0
BRDA:816,194,1,0
BRDA:820,195,0,0
BRDA:820,195,1,0
BRDA:820,196,0,0
BRDA:820,196,1,0
BRDA:822,197,0,0
BRDA:822,197,1,0
BRF:406
BRH:82
end_of_record
TN:
SF:assets\js\inventory-module.js
FN:29,(anonymous_0)
FN:34,sortFGI
FN:35,sortInventory
FN:37,renderFgiTable
FN:48,(anonymous_4)
FN:49,(anonymous_5)
FN:59,(anonymous_6)
FN:63,(anonymous_7)
FN:63,(anonymous_8)
FN:78,(anonymous_9)
FN:78,(anonymous_10)
FN:80,(anonymous_11)
FN:81,(anonymous_12)
FN:82,(anonymous_13)
FN:83,(anonymous_14)
FN:87,(anonymous_15)
FN:105,(anonymous_16)
FN:170,(anonymous_17)
FN:192,(anonymous_18)
FN:198,(anonymous_19)
FN:224,(anonymous_20)
FN:230,(anonymous_21)
FN:235,renderInventoryTable
FN:243,(anonymous_23)
FN:265,(anonymous_24)
FN:273,(anonymous_25)
FN:298,(anonymous_26)
FN:305,(anonymous_27)
FN:308,(anonymous_28)
FN:314,(anonymous_29)
FN:322,(anonymous_30)
FN:361,handleInvEdit
FN:407,(anonymous_32)
FN:407,(anonymous_33)
FN:412,runProductionBatch
FN:423,(anonymous_35)
FN:446,(anonymous_36)
FN:450,(anonymous_37)
FN:456,(anonymous_38)
FN:474,(anonymous_39)
FN:486,(anonymous_40)
FN:514,(anonymous_41)
FN:529,(anonymous_42)
FN:572,(anonymous_43)
FN:580,(anonymous_44)
FN:603,(anonymous_45)
FN:626,(anonymous_46)
FN:628,(anonymous_47)
FN:637,(anonymous_48)
FN:639,(anonymous_49)
FN:640,(anonymous_50)
FN:684,(anonymous_51)
FN:703,(anonymous_52)
FN:714,(anonymous_53)
FN:731,(anonymous_54)
FN:752,(anonymous_55)
FN:764,(anonymous_56)
FN:775,(anonymous_57)
FN:783,(anonymous_58)
FN:793,onSnapshotMouseMove
FN:804,onSnapshotMouseUp
FN:816,(anonymous_61)
FN:827,(anonymous_62)
FN:840,getStock
FN:855,(anonymous_64)
FN:856,(anonymous_65)
FN:859,getNet
FN:868,(anonymous_67)
FN:877,(anonymous_68)
FN:886,(anonymous_69)
FN:901,(anonymous_70)
FN:918,getStockLocal
FN:932,buildTree
FN:936,(anonymous_73)
FN:965,(anonymous_74)
FN:965,(anonymous_75)
FN:980,(anonymous_76)
FN:995,(anonymous_77)
FN:995,(anonymous_78)
FN:999,(anonymous_79)
FN:1015,(anonymous_80)
FN:1025,(anonymous_81)
FN:1043,(anonymous_82)
FN:1070,(anonymous_83)
FN:1079,(anonymous_84)
FN:1083,(anonymous_85)
FN:1093,(anonymous_86)
FN:1102,(anonymous_87)
FN:1122,(anonymous_88)
FN:1155,(anonymous_89)
FN:1164,(anonymous_90)
FN:1216,(anonymous_91)
FN:1221,(anonymous_92)
FN:1230,(anonymous_93)
FN:1275,(anonymous_94)
FN:1293,(anonymous_95)
FN:1305,(anonymous_96)
FN:1314,(anonymous_97)
FN:1328,(anonymous_98)
FN:1366,(anonymous_99)
FN:1373,(anonymous_100)
FN:1382,(anonymous_101)
FN:1391,(anonymous_102)
FN:1400,(anonymous_103)
FN:1407,(anonymous_104)
FN:1419,(anonymous_105)
FN:1449,(anonymous_106)
FN:1456,(anonymous_107)
FN:1508,(anonymous_108)
FN:1527,(anonymous_109)
FN:1531,(anonymous_110)
FN:1534,(anonymous_111)
FN:1551,(anonymous_112)
FN:1563,(anonymous_113)
FN:1567,(anonymous_114)
FN:1570,(anonymous_115)
FN:1577,(anonymous_116)
FN:1583,(anonymous_117)
FN:1679,(anonymous_118)
FN:1683,(anonymous_119)
FN:1706,(anonymous_120)
FN:1729,(anonymous_121)
FN:1744,(anonymous_122)
FN:1754,(anonymous_123)
FN:1760,(anonymous_124)
FN:1821,(anonymous_125)
FN:1837,(anonymous_126)
FN:1848,(anonymous_127)
FN:1884,(anonymous_128)
FN:1892,(anonymous_129)
FN:1896,(anonymous_130)
FN:1904,(anonymous_131)
FN:1908,(anonymous_132)
FN:1916,(anonymous_133)
FN:1920,(anonymous_134)
FN:1928,(anonymous_135)
FN:1943,(anonymous_136)
FN:1958,(anonymous_137)
FN:1965,(anonymous_138)
FN:1976,(anonymous_139)
FN:1977,(anonymous_140)
FN:1979,(anonymous_141)
FN:1980,(anonymous_142)
FN:1981,(anonymous_143)
FN:1999,(anonymous_144)
FN:2005,(anonymous_145)
FN:2010,(anonymous_146)
FN:2011,(anonymous_147)
FN:2012,(anonymous_148)
FN:2013,(anonymous_149)
FN:2015,(anonymous_150)
FN:2020,(anonymous_151)
FN:2047,(anonymous_152)
FN:2063,(anonymous_153)
FN:2078,(anonymous_154)
FN:2083,(anonymous_155)
FN:2325,(anonymous_156)
FN:2338,(anonymous_157)
FN:2368,(anonymous_158)
FN:2374,(anonymous_159)
FN:2378,(anonymous_160)
FN:2382,(anonymous_161)
FN:2394,(anonymous_162)
FN:2454,(anonymous_163)
FN:2463,(anonymous_164)
FN:2472,(anonymous_165)
FN:2481,(anonymous_166)
FN:2490,(anonymous_167)
FN:2546,(anonymous_168)
FN:2568,(anonymous_169)
FN:2585,(anonymous_170)
FN:2589,(anonymous_171)
FN:2592,(anonymous_172)
FN:2602,(anonymous_173)
FN:2614,(anonymous_174)
FN:2618,(anonymous_175)
FN:2621,(anonymous_176)
FN:2628,(anonymous_177)
FN:2634,(anonymous_178)
FN:2658,(anonymous_179)
FN:2756,(anonymous_180)
FN:2763,(anonymous_181)
FN:2770,(anonymous_182)
FN:2811,(anonymous_183)
FN:2841,(anonymous_184)
FN:2920,(anonymous_185)
FN:2938,(anonymous_186)
FN:2948,(anonymous_187)
FN:3042,(anonymous_188)
FN:3073,(anonymous_189)
FN:3221,(anonymous_190)
FN:3266,(anonymous_191)
FN:3271,(anonymous_192)
FN:3277,(anonymous_193)
FN:3288,(anonymous_194)
FNF:195
FNH:3
FNDA:0,(anonymous_0)
FNDA:0,sortFGI
FNDA:0,sortInventory
FNDA:0,renderFgiTable
FNDA:0,(anonymous_4)
FNDA:0,(anonymous_5)
FNDA:0,(anonymous_6)
FNDA:0,(anonymous_7)
FNDA:0,(anonymous_8)
FNDA:0,(anonymous_9)
FNDA:0,(anonymous_10)
FNDA:0,(anonymous_11)
FNDA:0,(anonymous_12)
FNDA:0,(anonymous_13)
FNDA:0,(anonymous_14)
FNDA:0,(anonymous_15)
FNDA:0,(anonymous_16)
FNDA:0,(anonymous_17)
FNDA:2,(anonymous_18)
FNDA:6,(anonymous_19)
FNDA:2,(anonymous_20)
FNDA:0,(anonymous_21)
FNDA:0,renderInventoryTable
FNDA:0,(anonymous_23)
FNDA:0,(anonymous_24)
FNDA:0,(anonymous_25)
FNDA:0,(anonymous_26)
FNDA:0,(anonymous_27)
FNDA:0,(anonymous_28)
FNDA:0,(anonymous_29)
FNDA:0,(anonymous_30)
FNDA:0,handleInvEdit
FNDA:0,(anonymous_32)
FNDA:0,(anonymous_33)
FNDA:0,runProductionBatch
FNDA:0,(anonymous_35)
FNDA:0,(anonymous_36)
FNDA:0,(anonymous_37)
FNDA:0,(anonymous_38)
FNDA:0,(anonymous_39)
FNDA:0,(anonymous_40)
FNDA:0,(anonymous_41)
FNDA:0,(anonymous_42)
FNDA:0,(anonymous_43)
FNDA:0,(anonymous_44)
FNDA:0,(anonymous_45)
FNDA:0,(anonymous_46)
FNDA:0,(anonymous_47)
FNDA:0,(anonymous_48)
FNDA:0,(anonymous_49)
FNDA:0,(anonymous_50)
FNDA:0,(anonymous_51)
FNDA:0,(anonymous_52)
FNDA:0,(anonymous_53)
FNDA:0,(anonymous_54)
FNDA:0,(anonymous_55)
FNDA:0,(anonymous_56)
FNDA:0,(anonymous_57)
FNDA:0,(anonymous_58)
FNDA:0,onSnapshotMouseMove
FNDA:0,onSnapshotMouseUp
FNDA:0,(anonymous_61)
FNDA:0,(anonymous_62)
FNDA:0,getStock
FNDA:0,(anonymous_64)
FNDA:0,(anonymous_65)
FNDA:0,getNet
FNDA:0,(anonymous_67)
FNDA:0,(anonymous_68)
FNDA:0,(anonymous_69)
FNDA:0,(anonymous_70)
FNDA:0,getStockLocal
FNDA:0,buildTree
FNDA:0,(anonymous_73)
FNDA:0,(anonymous_74)
FNDA:0,(anonymous_75)
FNDA:0,(anonymous_76)
FNDA:0,(anonymous_77)
FNDA:0,(anonymous_78)
FNDA:0,(anonymous_79)
FNDA:0,(anonymous_80)
FNDA:0,(anonymous_81)
FNDA:0,(anonymous_82)
FNDA:0,(anonymous_83)
FNDA:0,(anonymous_84)
FNDA:0,(anonymous_85)
FNDA:0,(anonymous_86)
FNDA:0,(anonymous_87)
FNDA:0,(anonymous_88)
FNDA:0,(anonymous_89)
FNDA:0,(anonymous_90)
FNDA:0,(anonymous_91)
FNDA:0,(anonymous_92)
FNDA:0,(anonymous_93)
FNDA:0,(anonymous_94)
FNDA:0,(anonymous_95)
FNDA:0,(anonymous_96)
FNDA:0,(anonymous_97)
FNDA:0,(anonymous_98)
FNDA:0,(anonymous_99)
FNDA:0,(anonymous_100)
FNDA:0,(anonymous_101)
FNDA:0,(anonymous_102)
FNDA:0,(anonymous_103)
FNDA:0,(anonymous_104)
FNDA:0,(anonymous_105)
FNDA:0,(anonymous_106)
FNDA:0,(anonymous_107)
FNDA:0,(anonymous_108)
FNDA:0,(anonymous_109)
FNDA:0,(anonymous_110)
FNDA:0,(anonymous_111)
FNDA:0,(anonymous_112)
FNDA:0,(anonymous_113)
FNDA:0,(anonymous_114)
FNDA:0,(anonymous_115)
FNDA:0,(anonymous_116)
FNDA:0,(anonymous_117)
FNDA:0,(anonymous_118)
FNDA:0,(anonymous_119)
FNDA:0,(anonymous_120)
FNDA:0,(anonymous_121)
FNDA:0,(anonymous_122)
FNDA:0,(anonymous_123)
FNDA:0,(anonymous_124)
FNDA:0,(anonymous_125)
FNDA:0,(anonymous_126)
FNDA:0,(anonymous_127)
FNDA:0,(anonymous_128)
FNDA:0,(anonymous_129)
FNDA:0,(anonymous_130)
FNDA:0,(anonymous_131)
FNDA:0,(anonymous_132)
FNDA:0,(anonymous_133)
FNDA:0,(anonymous_134)
FNDA:0,(anonymous_135)
FNDA:0,(anonymous_136)
FNDA:0,(anonymous_137)
FNDA:0,(anonymous_138)
FNDA:0,(anonymous_139)
FNDA:0,(anonymous_140)
FNDA:0,(anonymous_141)
FNDA:0,(anonymous_142)
FNDA:0,(anonymous_143)
FNDA:0,(anonymous_144)
FNDA:0,(anonymous_145)
FNDA:0,(anonymous_146)
FNDA:0,(anonymous_147)
FNDA:0,(anonymous_148)
FNDA:0,(anonymous_149)
FNDA:0,(anonymous_150)
FNDA:0,(anonymous_151)
FNDA:0,(anonymous_152)
FNDA:0,(anonymous_153)
FNDA:0,(anonymous_154)
FNDA:0,(anonymous_155)
FNDA:0,(anonymous_156)
FNDA:0,(anonymous_157)
FNDA:0,(anonymous_158)
FNDA:0,(anonymous_159)
FNDA:0,(anonymous_160)
FNDA:0,(anonymous_161)
FNDA:0,(anonymous_162)
FNDA:0,(anonymous_163)
FNDA:0,(anonymous_164)
FNDA:0,(anonymous_165)
FNDA:0,(anonymous_166)
FNDA:0,(anonymous_167)
FNDA:0,(anonymous_168)
FNDA:0,(anonymous_169)
FNDA:0,(anonymous_170)
FNDA:0,(anonymous_171)
FNDA:0,(anonymous_172)
FNDA:0,(anonymous_173)
FNDA:0,(anonymous_174)
FNDA:0,(anonymous_175)
FNDA:0,(anonymous_176)
FNDA:0,(anonymous_177)
FNDA:0,(anonymous_178)
FNDA:0,(anonymous_179)
FNDA:0,(anonymous_180)
FNDA:0,(anonymous_181)
FNDA:0,(anonymous_182)
FNDA:0,(anonymous_183)
FNDA:0,(anonymous_184)
FNDA:0,(anonymous_185)
FNDA:0,(anonymous_186)
FNDA:0,(anonymous_187)
FNDA:0,(anonymous_188)
FNDA:0,(anonymous_189)
FNDA:0,(anonymous_190)
FNDA:0,(anonymous_191)
FNDA:0,(anonymous_192)
FNDA:0,(anonymous_193)
FNDA:0,(anonymous_194)
DA:17,1
DA:18,1
DA:24,1
DA:26,1
DA:27,1
DA:28,1
DA:29,1
DA:30,0
DA:31,0
DA:32,0
DA:34,0
DA:35,0
DA:38,0
DA:39,0
DA:40,0
DA:48,0
DA:49,0
DA:51,0
DA:58,0
DA:59,0
DA:60,0
DA:61,0
DA:62,0
DA:63,0
DA:64,0
DA:65,0
DA:66,0
DA:67,0
DA:68,0
DA:69,0
DA:70,0
DA:71,0
DA:72,0
DA:73,0
DA:74,0
DA:76,0
DA:78,0
DA:79,0
DA:80,0
DA:81,0
DA:82,0
DA:83,0
DA:87,0
DA:88,0
DA:89,0
DA:90,0
DA:92,0
DA:101,0
DA:102,0
DA:103,0
DA:105,0
DA:106,0
DA:107,0
DA:108,0
DA:109,0
DA:110,0
DA:112,0
DA:113,0
DA:115,0
DA:116,0
DA:117,0
DA:118,0
DA:119,0
DA:120,0
DA:121,0
DA:122,0
DA:123,0
DA:124,0
DA:126,0
DA:127,0
DA:128,0
DA:129,0
DA:130,0
DA:131,0
DA:132,0
DA:133,0
DA:134,0
DA:135,0
DA:136,0
DA:138,0
DA:139,0
DA:140,0
DA:141,0
DA:142,0
DA:143,0
DA:144,0
DA:145,0
DA:146,0
DA:147,0
DA:149,0
DA:150,0
DA:151,0
DA:152,0
DA:153,0
DA:154,0
DA:155,0
DA:158,0
DA:159,0
DA:161,0
DA:165,0
DA:168,1
DA:170,1
DA:171,0
DA:172,0
DA:173,0
DA:174,0
DA:175,0
DA:176,0
DA:177,0
DA:178,0
DA:179,0
DA:180,0
DA:181,0
DA:183,0
DA:185,0
DA:190,1
DA:192,1
DA:193,2
DA:194,2
DA:195,2
DA:197,2
DA:198,2
DA:199,6
DA:200,6
DA:201,6
DA:203,6
DA:204,6
DA:205,2
DA:206,2
DA:208,2
DA:209,2
DA:210,1
DA:211,1
DA:212,1
DA:213,1
DA:214,1
DA:221,2
DA:224,1
DA:225,2
DA:226,1
DA:229,1
DA:230,1
DA:231,0
DA:232,0
DA:236,0
DA:237,0
DA:238,0
DA:239,0
DA:240,0
DA:241,0
DA:243,0
DA:244,0
DA:245,0
DA:246,0
DA:247,0
DA:250,0
DA:264,0
DA:265,0
DA:266,0
DA:267,0
DA:272,0
DA:273,0
DA:274,0
DA:275,0
DA:276,0
DA:277,0
DA:278,0
DA:297,0
DA:298,0
DA:299,0
DA:305,0
DA:306,0
DA:307,0
DA:308,0
DA:312,0
DA:314,0
DA:315,0
DA:316,0
DA:317,0
DA:318,0
DA:319,0
DA:320,0
DA:322,0
DA:323,0
DA:324,0
DA:325,0
DA:327,0
DA:328,0
DA:329,0
DA:331,0
DA:333,0
DA:350,0
DA:351,0
DA:352,0
DA:353,0
DA:354,0
DA:355,0
DA:356,0
DA:362,0
DA:363,0
DA:364,0
DA:366,0
DA:367,0
DA:369,0
DA:370,0
DA:371,0
DA:372,0
DA:373,0
DA:374,0
DA:375,0
DA:376,0
DA:377,0
DA:378,0
DA:379,0
DA:380,0
DA:381,0
DA:383,0
DA:384,0
DA:385,0
DA:386,0
DA:387,0
DA:389,0
DA:390,0
DA:391,0
DA:392,0
DA:393,0
DA:395,0
DA:396,0
DA:397,0
DA:398,0
DA:399,0
DA:401,0
DA:402,0
DA:403,0
DA:405,0
DA:406,0
DA:407,0
DA:408,0
DA:409,0
DA:413,0
DA:414,0
DA:415,0
DA:416,0
DA:417,0
DA:418,0
DA:420,0
DA:421,0
DA:423,0
DA:424,0
DA:425,0
DA:426,0
DA:427,0
DA:428,0
DA:431,0
DA:432,0
DA:434,0
DA:435,0
DA:437,0
DA:439,0
DA:441,0
DA:442,0
DA:443,0
DA:445,0
DA:446,0
DA:447,0
DA:450,1
DA:451,0
DA:452,0
DA:453,0
DA:456,1
DA:457,0
DA:458,0
DA:459,0
DA:460,0
DA:462,0
DA:467,0
DA:469,0
DA:471,0
DA:472,0
DA:473,0
DA:474,0
DA:476,0
DA:477,0
DA:478,0
DA:486,1
DA:487,0
DA:488,0
DA:489,0
DA:490,0
DA:493,0
DA:497,0
DA:498,0
DA:501,0
DA:509,0
DA:511,0
DA:512,0
DA:513,0
DA:514,0
DA:516,0
DA:518,0
DA:519,0
DA:520,0
DA:529,1
DA:530,0
DA:531,0
DA:533,0
DA:534,0
DA:537,0
DA:543,0
DA:544,0
DA:545,0
DA:548,0
DA:553,0
DA:554,0
DA:559,0
DA:563,0
DA:564,0
DA:570,0
DA:571,0
DA:572,0
DA:574,0
DA:575,0
DA:577,0
DA:578,0
DA:579,0
DA:580,0
DA:583,0
DA:584,0
DA:585,0
DA:586,0
DA:589,0
DA:590,0
DA:593,0
DA:594,0
DA:595,0
DA:603,1
DA:604,0
DA:605,0
DA:606,0
DA:608,0
DA:609,0
DA:610,0
DA:613,0
DA:618,0
DA:619,0
DA:621,0
DA:622,0
DA:625,0
DA:626,0
DA:628,0
DA:629,0
DA:630,0
DA:631,0
DA:632,0
DA:636,0
DA:637,0
DA:639,0
DA:640,0
DA:641,0
DA:643,0
DA:644,0
DA:646,0
DA:647,0
DA:659,0
DA:660,0
DA:665,0
DA:668,0
DA:684,0
DA:685,0
DA:686,0
DA:687,0
DA:696,0
DA:697,0
DA:700,0
DA:701,0
DA:702,0
DA:703,0
DA:707,0
DA:714,1
DA:715,0
DA:716,0
DA:721,0
DA:723,0
DA:724,0
DA:726,0
DA:727,0
DA:728,0
DA:731,0
DA:745,0
DA:752,1
DA:753,0
DA:754,0
DA:755,0
DA:756,0
DA:757,0
DA:758,0
DA:760,0
DA:764,1
DA:765,0
DA:766,0
DA:767,0
DA:768,0
DA:769,0
DA:770,0
DA:771,0
DA:775,1
DA:776,0
DA:777,0
DA:783,1
DA:784,0
DA:785,0
DA:786,0
DA:788,0
DA:789,0
DA:790,0
DA:791,0
DA:794,0
DA:795,0
DA:798,0
DA:799,0
DA:801,0
DA:805,0
DA:806,0
DA:807,0
DA:808,0
DA:809,0
DA:812,0
DA:813,0
DA:816,1
DA:817,0
DA:818,0
DA:819,0
DA:820,0
DA:821,0
DA:823,0
DA:824,0
DA:827,1
DA:828,0
DA:829,0
DA:830,0
DA:832,0
DA:834,0
DA:835,0
DA:836,0
DA:837,0
DA:841,0
DA:842,0
DA:843,0
DA:844,0
DA:845,0
DA:846,0
DA:847,0
DA:849,0
DA:850,0
DA:855,0
DA:856,0
DA:859,0
DA:862,0
DA:863,0
DA:864,0
DA:865,0
DA:868,0
DA:869,0
DA:870,0
DA:871,0
DA:872,0
DA:873,0
DA:874,0
DA:875,0
DA:877,0
DA:878,0
DA:879,0
DA:880,0
DA:886,0
DA:887,0
DA:888,0
DA:889,0
DA:890,0
DA:891,0
DA:892,0
DA:898,0
DA:900,0
DA:901,0
DA:902,0
DA:903,0
DA:904,0
DA:905,0
DA:906,0
DA:907,0
DA:908,0
DA:909,0
DA:910,0
DA:912,0
DA:915,0
DA:916,0
DA:919,0
DA:920,0
DA:921,0
DA:922,0
DA:923,0
DA:924,0
DA:925,0
DA:927,0
DA:928,0
DA:933,0
DA:934,0
DA:935,0
DA:936,0
DA:937,0
DA:938,0
DA:939,0
DA:940,0
DA:941,0
DA:942,0
DA:943,0
DA:946,0
DA:947,0
DA:948,0
DA:949,0
DA:950,0
DA:951,0
DA:952,0
DA:953,0
DA:954,0
DA:956,0
DA:957,0
DA:958,0
DA:961,0
DA:962,0
DA:965,0
DA:966,0
DA:967,0
DA:968,0
DA:969,0
DA:970,0
DA:971,0
DA:972,0
DA:976,0
DA:978,0
DA:980,0
DA:981,0
DA:982,0
DA:983,0
DA:984,0
DA:985,0
DA:986,0
DA:989,0
DA:990,0
DA:993,0
DA:994,0
DA:995,0
DA:996,0
DA:997,0
DA:999,0
DA:1000,0
DA:1012,1
DA:1013,1
DA:1015,1
DA:1016,0
DA:1017,0
DA:1018,0
DA:1019,0
DA:1021,0
DA:1022,0
DA:1025,1
DA:1026,0
DA:1027,0
DA:1028,0
DA:1029,0
DA:1031,0
DA:1032,0
DA:1034,0
DA:1036,0
DA:1037,0
DA:1038,0
DA:1040,0
DA:1041,0
DA:1043,0
DA:1044,0
DA:1045,0
DA:1046,0
DA:1048,0
DA:1049,0
DA:1050,0
DA:1051,0
DA:1053,0
DA:1054,0
DA:1055,0
DA:1058,0
DA:1059,0
DA:1061,0
DA:1062,0
DA:1070,0
DA:1071,0
DA:1072,0
DA:1075,0
DA:1076,0
DA:1079,1
DA:1080,0
DA:1083,1
DA:1084,0
DA:1085,0
DA:1086,0
DA:1087,0
DA:1089,0
DA:1090,0
DA:1093,1
DA:1094,0
DA:1095,0
DA:1096,0
DA:1097,0
DA:1098,0
DA:1102,1
DA:1103,0
DA:1104,0
DA:1106,0
DA:1107,0
DA:1109,0
DA:1110,0
DA:1111,0
DA:1113,0
DA:1114,0
DA:1117,0
DA:1118,0
DA:1119,0
DA:1120,0
DA:1122,0
DA:1123,0
DA:1124,0
DA:1125,0
DA:1126,0
DA:1128,0
DA:1129,0
DA:1130,0
DA:1131,0
DA:1133,0
DA:1150,0
DA:1151,0
DA:1152,0
DA:1155,1
DA:1156,0
DA:1157,0
DA:1158,0
DA:1159,0
DA:1162,0
DA:1164,0
DA:1165,0
DA:1166,0
DA:1167,0
DA:1169,0
DA:1172,0
DA:1173,0
DA:1174,0
DA:1175,0
DA:1176,0
DA:1177,0
DA:1178,0
DA:1180,0
DA:1181,0
DA:1183,0
DA:1184,0
DA:1185,0
DA:1195,0
DA:1201,0
DA:1202,0
DA:1203,0
DA:1205,0
DA:1212,0
DA:1213,0
DA:1216,1
DA:1217,0
DA:1218,0
DA:1220,0
DA:1221,0
DA:1222,0
DA:1223,0
DA:1227,0
DA:1228,0
DA:1230,0
DA:1231,0
DA:1232,0
DA:1233,0
DA:1234,0
DA:1236,0
DA:1237,0
DA:1238,0
DA:1239,0
DA:1240,0
DA:1242,0
DA:1244,0
DA:1246,0
DA:1261,0
DA:1262,0
DA:1265,0
DA:1271,1
DA:1272,1
DA:1273,1
DA:1275,1
DA:1276,0
DA:1277,0
DA:1280,0
DA:1282,0
DA:1283,0
DA:1285,0
DA:1286,0
DA:1287,0
DA:1290,0
DA:1293,0
DA:1294,0
DA:1297,0
DA:1298,0
DA:1299,0
DA:1300,0
DA:1301,0
DA:1302,0
DA:1303,0
DA:1305,0
DA:1306,0
DA:1307,0
DA:1318,0
DA:1320,0
DA:1321,0
DA:1329,0
DA:1334,0
DA:1335,0
DA:1336,0
DA:1337,0
DA:1338,0
DA:1340,0
DA:1341,0
DA:1342,0
DA:1343,0
DA:1345,0
DA:1346,0
DA:1347,0
DA:1349,0
DA:1352,0
DA:1353,0
DA:1354,0
DA:1355,0
DA:1356,0
DA:1357,0
DA:1358,0
DA:1362,0
DA:1369,0
DA:1373,0
DA:1374,0
DA:1375,0
DA:1376,0
DA:1377,0
DA:1382,0
DA:1383,0
DA:1384,0
DA:1385,0
DA:1386,0
DA:1391,0
DA:1392,0
DA:1393,0
DA:1394,0
DA:1395,0
DA:1400,0
DA:1401,0
DA:1402,0
DA:1403,0
DA:1407,0
DA:1408,0
DA:1409,0
DA:1410,0
DA:1411,0
DA:1412,0
DA:1413,0
DA:1419,0
DA:1420,0
DA:1421,0
DA:1422,0
DA:1423,0
DA:1424,0
DA:1425,0
DA:1426,0
DA:1427,0
DA:1428,0
DA:1432,0
DA:1433,0
DA:1434,0
DA:1435,0
DA:1436,0
DA:1439,0
DA:1441,0
DA:1442,0
DA:1449,0
DA:1450,0
DA:1454,1
DA:1456,1
DA:1458,0
DA:1461,0
DA:1462,0
DA:1465,0
DA:1466,0
DA:1469,0
DA:1470,0
DA:1471,0
DA:1472,0
DA:1475,0
DA:1476,0
DA:1477,0
DA:1479,0
DA:1480,0
DA:1481,0
DA:1482,0
DA:1483,0
DA:1485,0
DA:1486,0
DA:1487,0
DA:1491,0
DA:1492,0
DA:1494,0
DA:1495,0
DA:1496,0
DA:1499,0
DA:1502,0
DA:1503,0
DA:1504,0
DA:1506,0
DA:1507,0
DA:1508,0
DA:1509,0
DA:1510,0
DA:1511,0
DA:1512,0
DA:1514,0
DA:1517,0
DA:1520,0
DA:1521,0
DA:1527,0
DA:1532,0
DA:1539,0
DA:1540,0
DA:1541,0
DA:1542,0
DA:1545,0
DA:1546,0
DA:1547,0
DA:1551,1
DA:1552,0
DA:1553,0
DA:1554,0
DA:1555,0
DA:1557,0
DA:1563,0
DA:1568,0
DA:1573,0
DA:1577,1
DA:1578,0
DA:1579,0
DA:1583,1
DA:1585,0
DA:1588,0
DA:1589,0
DA:1592,0
DA:1593,0
DA:1596,0
DA:1597,0
DA:1598,0
DA:1599,0
DA:1602,0
DA:1603,0
DA:1604,0
DA:1608,0
DA:1612,0
DA:1613,0
DA:1614,0
DA:1616,0
DA:1617,0
DA:1618,0
DA:1619,0
DA:1620,0
DA:1622,0
DA:1623,0
DA:1624,0
DA:1628,0
DA:1629,0
DA:1630,0
DA:1631,0
DA:1632,0
DA:1634,0
DA:1635,0
DA:1636,0
DA:1637,0
DA:1639,0
DA:1640,0
DA:1641,0
DA:1644,0
DA:1647,0
DA:1650,0
DA:1651,0
DA:1652,0
DA:1656,0
DA:1657,0
DA:1658,0
DA:1660,0
DA:1661,0
DA:1662,0
DA:1663,0
DA:1665,0
DA:1667,0
DA:1670,0
DA:1671,0
DA:1672,0
DA:1676,0
DA:1677,0
DA:1683,1
DA:1684,0
DA:1685,0
DA:1687,0
DA:1688,0
DA:1689,0
DA:1691,0
DA:1692,0
DA:1694,0
DA:1695,0
DA:1700,0
DA:1704,1
DA:1706,1
DA:1708,0
DA:1709,0
DA:1710,0
DA:1711,0
DA:1713,0
DA:1715,0
DA:1717,0
DA:1719,0
DA:1720,0
DA:1723,0
DA:1724,0
DA:1725,0
DA:1731,0
DA:1732,0
DA:1733,0
DA:1735,0
DA:1737,0
DA:1738,0
DA:1741,1
DA:1742,1
DA:1744,1
DA:1745,0
DA:1746,0
DA:1747,0
DA:1749,0
DA:1750,0
DA:1751,0
DA:1752,0
DA:1753,0
DA:1754,0
DA:1757,0
DA:1758,0
DA:1759,0
DA:1760,0
DA:1764,0
DA:1767,0
DA:1768,0
DA:1769,0
DA:1770,0
DA:1773,0
DA:1774,0
DA:1775,0
DA:1776,0
DA:1777,0
DA:1778,0
DA:1782,0
DA:1783,0
DA:1784,0
DA:1785,0
DA:1786,0
DA:1787,0
DA:1793,0
DA:1794,0
DA:1795,0
DA:1796,0
DA:1801,0
DA:1802,0
DA:1803,0
DA:1805,0
DA:1806,0
DA:1807,0
DA:1808,0
DA:1809,0
DA:1810,0
DA:1811,0
DA:1812,0
DA:1813,0
DA:1818,0
DA:1821,0
DA:1822,0
DA:1823,0
DA:1824,0
DA:1825,0
DA:1827,0
DA:1828,0
DA:1829,0
DA:1830,0
DA:1837,1
DA:1838,0
DA:1839,0
DA:1840,0
DA:1841,0
DA:1842,0
DA:1843,0
DA:1845,0
DA:1848,0
DA:1849,0
DA:1850,0
DA:1851,0
DA:1852,0
DA:1858,0
DA:1859,0
DA:1860,0
DA:1861,0
DA:1862,0
DA:1863,0
DA:1864,0
DA:1865,0
DA:1866,0
DA:1867,0
DA:1869,0
DA:1870,0
DA:1871,0
DA:1872,0
DA:1875,0
DA:1876,0
DA:1877,0
DA:1878,0
DA:1881,0
DA:1884,1
DA:1885,0
DA:1886,0
DA:1887,0
DA:1888,0
DA:1896,1
DA:1897,0
DA:1898,0
DA:1899,0
DA:1900,0
DA:1908,1
DA:1909,0
DA:1910,0
DA:1911,0
DA:1912,0
DA:1920,1
DA:1928,1
DA:1929,0
DA:1930,0
DA:1932,0
DA:1934,0
DA:1935,0
DA:1936,0
DA:1937,0
DA:1940,0
DA:1942,0
DA:1943,0
DA:1944,0
DA:1945,0
DA:1949,0
DA:1950,0
DA:1952,0
DA:1954,0
DA:1958,1
DA:1959,0
DA:1960,0
DA:1961,0
DA:1962,0
DA:1965,1
DA:1966,0
DA:1967,0
DA:1969,0
DA:1971,0
DA:1972,0
DA:1973,0
DA:1975,0
DA:1976,0
DA:1977,0
DA:1979,0
DA:1980,0
DA:1981,0
DA:1983,0
DA:1991,0
DA:1999,0
DA:2000,0
DA:2001,0
DA:2002,0
DA:2005,0
DA:2006,0
DA:2007,0
DA:2010,0
DA:2011,0
DA:2012,0
DA:2013,0
DA:2015,0
DA:2016,0
DA:2017,0
DA:2018,0
DA:2020,0
DA:2021,0
DA:2022,0
DA:2023,0
DA:2026,0
DA:2027,0
DA:2028,0
DA:2029,0
DA:2030,0
DA:2032,0
DA:2033,0
DA:2035,0
DA:2036,0
DA:2037,0
DA:2038,0
DA:2039,0
DA:2041,0
DA:2042,0
DA:2043,0
DA:2044,0
DA:2047,1
DA:2048,0
DA:2049,0
DA:2050,0
DA:2052,0
DA:2054,0
DA:2055,0
DA:2056,0
DA:2057,0
DA:2060,0
DA:2062,0
DA:2063,0
DA:2064,0
DA:2065,0
DA:2069,0
DA:2070,0
DA:2072,0
DA:2074,0
DA:2078,1
DA:2079,0
DA:2080,0
DA:2081,0
DA:2083,0
DA:2084,0
DA:2085,0
DA:2086,0
DA:2087,0
DA:2115,0
DA:2116,0
DA:2117,0
DA:2118,0
DA:2120,0
DA:2121,0
DA:2122,0
DA:2124,0
DA:2126,0
DA:2127,0
DA:2128,0
DA:2129,0
DA:2130,0
DA:2131,0
DA:2133,0
DA:2134,0
DA:2136,0
DA:2137,0
DA:2139,0
DA:2140,0
DA:2142,0
DA:2143,0
DA:2144,0
DA:2145,0
DA:2146,0
DA:2147,0
DA:2149,0
DA:2150,0
DA:2151,0
DA:2153,0
DA:2156,0
DA:2158,0
DA:2159,0
DA:2160,0
DA:2161,0
DA:2162,0
DA:2163,0
DA:2166,0
DA:2168,0
DA:2169,0
DA:2170,0
DA:2171,0
DA:2172,0
DA:2175,0
DA:2176,0
DA:2180,0
DA:2182,0
DA:2183,0
DA:2184,0
DA:2185,0
DA:2187,0
DA:2188,0
DA:2189,0
DA:2190,0
DA:2192,0
DA:2197,0
DA:2200,0
DA:2201,0
DA:2202,0
DA:2203,0
DA:2204,0
DA:2205,0
DA:2206,0
DA:2207,0
DA:2208,0
DA:2209,0
DA:2210,0
DA:2211,0
DA:2212,0
DA:2213,0
DA:2215,0
DA:2216,0
DA:2217,0
DA:2218,0
DA:2219,0
DA:2222,0
DA:2223,0
DA:2225,0
DA:2226,0
DA:2227,0
DA:2228,0
DA:2229,0
DA:2230,0
DA:2231,0
DA:2232,0
DA:2233,0
DA:2235,0
DA:2236,0
DA:2263,0
DA:2264,0
DA:2265,0
DA:2266,0
DA:2295,0
DA:2297,0
DA:2299,0
DA:2300,0
DA:2302,0
DA:2303,0
DA:2305,0
DA:2307,0
DA:2308,0
DA:2310,0
DA:2311,0
DA:2312,0
DA:2314,0
DA:2315,0
DA:2316,0
DA:2317,0
DA:2319,0
DA:2321,0
DA:2322,0
DA:2325,1
DA:2326,0
DA:2327,0
DA:2329,0
DA:2330,0
DA:2331,0
DA:2333,0
DA:2334,0
DA:2338,1
DA:2339,0
DA:2340,0
DA:2341,0
DA:2342,0
DA:2344,0
DA:2345,0
DA:2346,0
DA:2348,0
DA:2349,0
DA:2350,0
DA:2353,0
DA:2355,0
DA:2356,0
DA:2357,0
DA:2359,0
DA:2360,0
DA:2361,0
DA:2364,0
DA:2365,0
DA:2368,1
DA:2369,0
DA:2370,0
DA:2374,1
DA:2375,0
DA:2378,1
DA:2379,0
DA:2382,1
DA:2387,1
DA:2388,1
DA:2389,1
DA:2390,1
DA:2391,1
DA:2392,1
DA:2394,1
DA:2395,0
DA:2396,0
DA:2398,0
DA:2400,0
DA:2401,0
DA:2403,0
DA:2404,0
DA:2405,0
DA:2407,0
DA:2408,0
DA:2411,0
DA:2412,0
DA:2414,0
DA:2415,0
DA:2416,0
DA:2417,0
DA:2418,0
DA:2419,0
DA:2420,0
DA:2421,0
DA:2423,0
DA:2424,0
DA:2425,0
DA:2426,0
DA:2427,0
DA:2428,0
DA:2430,0
DA:2431,0
DA:2432,0
DA:2433,0
DA:2434,0
DA:2435,0
DA:2437,0
DA:2438,0
DA:2439,0
DA:2440,0
DA:2441,0
DA:2442,0
DA:2446,0
DA:2447,0
DA:2448,0
DA:2449,0
DA:2451,0
DA:2454,1
DA:2455,0
DA:2456,0
DA:2457,0
DA:2458,0
DA:2459,0
DA:2460,0
DA:2463,1
DA:2464,0
DA:2465,0
DA:2466,0
DA:2467,0
DA:2468,0
DA:2469,0
DA:2472,1
DA:2473,0
DA:2474,0
DA:2475,0
DA:2476,0
DA:2477,0
DA:2478,0
DA:2481,1
DA:2482,0
DA:2483,0
DA:2484,0
DA:2485,0
DA:2486,0
DA:2487,0
DA:2490,1
DA:2491,0
DA:2492,0
DA:2494,0
DA:2496,0
DA:2497,0
DA:2499,0
DA:2500,0
DA:2501,0
DA:2502,0
DA:2504,0
DA:2505,0
DA:2507,0
DA:2510,0
DA:2511,0
DA:2513,0
DA:2514,0
DA:2515,0
DA:2516,0
DA:2517,0
DA:2518,0
DA:2519,0
DA:2520,0
DA:2522,0
DA:2523,0
DA:2524,0
DA:2525,0
DA:2526,0
DA:2527,0
DA:2529,0
DA:2530,0
DA:2531,0
DA:2532,0
DA:2533,0
DA:2534,0
DA:2536,0
DA:2537,0
DA:2538,0
DA:2539,0
DA:2540,0
DA:2541,0
DA:2546,1
DA:2547,0
DA:2549,0
DA:2550,0
DA:2552,0
DA:2553,0
DA:2555,0
DA:2556,0
DA:2557,0
DA:2560,0
DA:2562,0
DA:2563,0
DA:2564,0
DA:2566,0
DA:2567,0
DA:2568,0
DA:2569,0
DA:2570,0
DA:2571,0
DA:2572,0
DA:2574,0
DA:2576,0
DA:2578,0
DA:2579,0
DA:2585,0
DA:2590,0
DA:2596,0
DA:2597,0
DA:2598,0
DA:2602,1
DA:2603,0
DA:2604,0
DA:2605,0
DA:2606,0
DA:2608,0
DA:2614,0
DA:2619,0
DA:2624,0
DA:2628,1
DA:2629,0
DA:2630,0
DA:2634,1
DA:2635,0
DA:2636,0
DA:2637,0
DA:2639,0
DA:2640,0
DA:2641,0
DA:2643,0
DA:2644,0
DA:2645,0
DA:2646,0
DA:2649,0
DA:2651,0
DA:2654,0
DA:2655,0
DA:2658,1
DA:2659,0
DA:2660,0
DA:2661,0
DA:2663,0
DA:2664,0
DA:2665,0
DA:2666,0
DA:2667,0
DA:2670,0
DA:2671,0
DA:2673,0
DA:2674,0
DA:2675,0
DA:2676,0
DA:2678,0
DA:2679,0
DA:2680,0
DA:2681,0
DA:2683,0
DA:2684,0
DA:2685,0
DA:2688,0
DA:2689,0
DA:2690,0
DA:2691,0
DA:2693,0
DA:2694,0
DA:2695,0
DA:2696,0
DA:2698,0
DA:2699,0
DA:2700,0
DA:2701,0
DA:2702,0
DA:2703,0
DA:2704,0
DA:2705,0
DA:2706,0
DA:2708,0
DA:2709,0
DA:2710,0
DA:2711,0
DA:2712,0
DA:2713,0
DA:2716,0
DA:2717,0
DA:2718,0
DA:2719,0
DA:2720,0
DA:2721,0
DA:2722,0
DA:2723,0
DA:2724,0
DA:2726,0
DA:2727,0
DA:2728,0
DA:2729,0
DA:2730,0
DA:2731,0
DA:2734,0
DA:2735,0
DA:2736,0
DA:2737,0
DA:2738,0
DA:2739,0
DA:2742,0
DA:2744,0
DA:2745,0
DA:2747,0
DA:2750,0
DA:2751,0
DA:2752,0
DA:2756,1
DA:2757,0
DA:2758,0
DA:2759,0
DA:2760,0
DA:2763,1
DA:2764,0
DA:2765,0
DA:2767,0
DA:2769,0
DA:2770,0
DA:2771,0
DA:2772,0
DA:2774,0
DA:2775,0
DA:2776,0
DA:2777,0
DA:2778,0
DA:2782,0
DA:2783,0
DA:2784,0
DA:2787,0
DA:2788,0
DA:2789,0
DA:2790,0
DA:2791,0
DA:2795,0
DA:2796,0
DA:2797,0
DA:2798,0
DA:2800,0
DA:2801,0
DA:2802,0
DA:2806,0
DA:2807,0
DA:2811,1
DA:2812,0
DA:2813,0
DA:2815,0
DA:2817,0
DA:2818,0
DA:2820,0
DA:2821,0
DA:2825,0
DA:2827,0
DA:2829,0
DA:2830,0
DA:2831,0
DA:2834,0
DA:2841,0
DA:2842,0
DA:2851,0
DA:2852,0
DA:2853,0
DA:2854,0
DA:2855,0
DA:2856,0
DA:2857,0
DA:2860,0
DA:2861,0
DA:2862,0
DA:2863,0
DA:2864,0
DA:2865,0
DA:2867,0
DA:2913,0
DA:2915,0
DA:2916,0
DA:2920,1
DA:2921,0
DA:2922,0
DA:2924,0
DA:2925,0
DA:2926,0
DA:2928,0
DA:2933,0
DA:2935,0
DA:2936,0
DA:2937,0
DA:2938,0
DA:2940,0
DA:2942,0
DA:2943,0
DA:2944,0
DA:2948,1
DA:2949,0
DA:2950,0
DA:2951,0
DA:2953,0
DA:2955,0
DA:2956,0
DA:2957,0
DA:2959,0
DA:2960,0
DA:2961,0
DA:2962,0
DA:2963,0
DA:2964,0
DA:2965,0
DA:2966,0
DA:2967,0
DA:2968,0
DA:2970,0
DA:2971,0
DA:2972,0
DA:2973,0
DA:2974,0
DA:2975,0
DA:2976,0
DA:2981,0
DA:2982,0
DA:2983,0
DA:2984,0
DA:2985,0
DA:2986,0
DA:2987,0
DA:2988,0
DA:2989,0
DA:2991,0
DA:2992,0
DA:2993,0
DA:2994,0
DA:2995,0
DA:2996,0
DA:2997,0
DA:3003,0
DA:3004,0
DA:3006,0
DA:3007,0
DA:3008,0
DA:3009,0
DA:3010,0
DA:3011,0
DA:3012,0
DA:3013,0
DA:3016,0
DA:3017,0
DA:3018,0
DA:3019,0
DA:3020,0
DA:3021,0
DA:3023,0
DA:3024,0
DA:3027,0
DA:3028,0
DA:3030,0
DA:3031,0
DA:3032,0
DA:3033,0
DA:3034,0
DA:3035,0
DA:3037,0
DA:3038,0
DA:3042,1
DA:3043,0
DA:3044,0
DA:3045,0
DA:3046,0
DA:3048,0
DA:3049,0
DA:3051,0
DA:3052,0
DA:3054,0
DA:3055,0
DA:3057,0
DA:3059,0
DA:3060,0
DA:3061,0
DA:3062,0
DA:3063,0
DA:3064,0
DA:3065,0
DA:3067,0
DA:3068,0
DA:3073,1
DA:3074,0
DA:3075,0
DA:3076,0
DA:3078,0
DA:3079,0
DA:3081,0
DA:3082,0
DA:3083,0
DA:3084,0
DA:3085,0
DA:3087,0
DA:3088,0
DA:3090,0
DA:3091,0
DA:3092,0
DA:3094,0
DA:3095,0
DA:3096,0
DA:3097,0
DA:3098,0
DA:3099,0
DA:3100,0
DA:3101,0
DA:3103,0
DA:3104,0
DA:3108,0
DA:3109,0
DA:3110,0
DA:3111,0
DA:3112,0
DA:3113,0
DA:3114,0
DA:3116,0
DA:3117,0
DA:3122,0
DA:3123,0
DA:3124,0
DA:3127,0
DA:3129,0
DA:3130,0
DA:3143,0
DA:3144,0
DA:3145,0
DA:3146,0
DA:3147,0
DA:3148,0
DA:3150,0
DA:3151,0
DA:3155,0
DA:3156,0
DA:3157,0
DA:3158,0
DA:3159,0
DA:3161,0
DA:3162,0
DA:3163,0
DA:3164,0
DA:3165,0
DA:3166,0
DA:3167,0
DA:3168,0
DA:3169,0
DA:3170,0
DA:3172,0
DA:3173,0
DA:3174,0
DA:3176,0
DA:3177,0
DA:3180,0
DA:3183,0
DA:3187,0
DA:3202,0
DA:3203,0
DA:3204,0
DA:3205,0
DA:3206,0
DA:3207,0
DA:3209,0
DA:3210,0
DA:3213,0
DA:3214,0
DA:3216,0
DA:3217,0
DA:3219,0
DA:3221,0
DA:3222,0
DA:3225,0
DA:3226,0
DA:3228,0
DA:3229,0
DA:3230,0
DA:3233,0
DA:3234,0
DA:3237,0
DA:3238,0
DA:3242,0
DA:3243,0
DA:3244,0
DA:3245,0
DA:3246,0
DA:3247,0
DA:3249,0
DA:3250,0
DA:3255,1
DA:3256,1
DA:3257,1
DA:3258,1
DA:3259,1
DA:3260,1
DA:3261,1
DA:3266,1
DA:3267,0
DA:3268,0
DA:3271,1
DA:3272,0
DA:3273,0
DA:3274,0
DA:3277,1
DA:3278,0
DA:3279,0
DA:3280,0
DA:3281,0
DA:3282,0
DA:3283,0
DA:3284,0
DA:3285,0
DA:3286,0
DA:3288,1
DA:3289,0
DA:3290,0
DA:3292,0
DA:3293,0
DA:3295,0
DA:3296,0
LF:1851
LH:124
BRDA:28,0,0,1
BRDA:28,0,1,1
BRDA:34,1,0,0
BRDA:34,1,1,0
BRDA:34,2,0,0
BRDA:34,2,1,0
BRDA:34,3,0,0
BRDA:34,3,1,0
BRDA:34,4,0,0
BRDA:34,4,1,0
BRDA:35,5,0,0
BRDA:35,5,1,0
BRDA:35,6,0,0
BRDA:35,6,1,0
BRDA:35,7,0,0
BRDA:35,7,1,0
BRDA:38,8,0,0
BRDA:38,8,1,0
BRDA:39,9,0,0
BRDA:39,9,1,0
BRDA:39,10,0,0
BRDA:39,10,1,0
BRDA:48,11,0,0
BRDA:48,11,1,0
BRDA:48,12,0,0
BRDA:48,12,1,0
BRDA:49,13,0,0
BRDA:49,13,1,0
BRDA:60,14,0,0
BRDA:60,14,1,0
BRDA:61,15,0,0
BRDA:61,15,1,0
BRDA:61,16,0,0
BRDA:61,16,1,0
BRDA:61,17,0,0
BRDA:61,17,1,0
BRDA:62,18,0,0
BRDA:62,18,1,0
BRDA:62,19,0,0
BRDA:62,19,1,0
BRDA:62,20,0,0
BRDA:62,20,1,0
BRDA:62,21,0,0
BRDA:62,21,1,0
BRDA:63,22,0,0
BRDA:63,22,1,0
BRDA:63,23,0,0
BRDA:63,23,1,0
BRDA:63,23,2,0
BRDA:63,23,3,0
BRDA:63,24,0,0
BRDA:63,24,1,0
BRDA:67,25,0,0
BRDA:67,25,1,0
BRDA:68,26,0,0
BRDA:68,26,1,0
BRDA:69,27,0,0
BRDA:69,27,1,0
BRDA:71,28,0,0
BRDA:71,28,1,0
BRDA:72,29,0,0
BRDA:72,29,1,0
BRDA:73,30,0,0
BRDA:73,30,1,0
BRDA:76,31,0,0
BRDA:76,31,1,0
BRDA:78,32,0,0
BRDA:78,32,1,0
BRDA:78,33,0,0
BRDA:78,33,1,0
BRDA:78,34,0,0
BRDA:78,34,1,0
BRDA:78,35,0,0
BRDA:78,35,1,0
BRDA:78,36,0,0
BRDA:78,36,1,0
BRDA:78,37,0,0
BRDA:78,37,1,0
BRDA:78,38,0,0
BRDA:78,38,1,0
BRDA:78,39,0,0
BRDA:78,39,1,0
BRDA:78,40,0,0
BRDA:78,40,1,0
BRDA:78,41,0,0
BRDA:78,41,1,0
BRDA:80,42,0,0
BRDA:80,42,1,0
BRDA:80,42,2,0
BRDA:81,43,0,0
BRDA:81,43,1,0
BRDA:88,44,0,0
BRDA:88,44,1,0
BRDA:90,45,0,0
BRDA:90,45,1,0
BRDA:101,46,0,0
BRDA:101,46,1,0
BRDA:107,47,0,0
BRDA:107,47,1,0
BRDA:107,48,0,0
BRDA:107,48,1,0
BRDA:108,49,0,0
BRDA:108,49,1,0
BRDA:109,50,0,0
BRDA:109,50,1,0
BRDA:109,51,0,0
BRDA:109,51,1,0
BRDA:110,52,0,0
BRDA:110,52,1,0
BRDA:110,53,0,0
BRDA:110,53,1,0
BRDA:115,54,0,0
BRDA:115,54,1,0
BRDA:124,55,0,0
BRDA:124,55,1,0
BRDA:126,56,0,0
BRDA:126,56,1,0
BRDA:138,57,0,0
BRDA:138,57,1,0
BRDA:149,58,0,0
BRDA:149,58,1,0
BRDA:168,59,0,1
BRDA:168,59,1,1
BRDA:173,60,0,0
BRDA:173,60,1,0
BRDA:175,61,0,0
BRDA:175,61,1,0
BRDA:175,62,0,0
BRDA:175,62,1,0
BRDA:178,63,0,0
BRDA:178,63,1,0
BRDA:180,64,0,0
BRDA:180,64,1,0
BRDA:192,65,0,0
BRDA:193,66,0,0
BRDA:193,66,1,2
BRDA:193,67,0,2
BRDA:193,67,1,2
BRDA:199,68,0,6
BRDA:199,68,1,0
BRDA:199,68,2,0
BRDA:199,68,3,0
BRDA:201,69,0,0
BRDA:201,69,1,6
BRDA:204,70,0,2
BRDA:204,70,1,4
BRDA:204,71,0,6
BRDA:204,71,1,4
BRDA:204,71,2,2
BRDA:206,72,0,2
BRDA:206,72,1,0
BRDA:206,72,2,0
BRDA:208,73,0,2
BRDA:208,73,1,0
BRDA:208,74,0,2
BRDA:208,74,1,2
BRDA:209,75,0,1
BRDA:209,75,1,1
BRDA:211,76,0,1
BRDA:211,76,1,0
BRDA:213,77,0,1
BRDA:213,77,1,0
BRDA:225,78,0,1
BRDA:225,78,1,1
BRDA:225,79,0,2
BRDA:225,79,1,1
BRDA:236,80,0,0
BRDA:236,80,1,0
BRDA:238,81,0,0
BRDA:238,81,1,0
BRDA:241,82,0,0
BRDA:241,82,1,0
BRDA:243,83,0,0
BRDA:243,84,0,0
BRDA:244,85,0,0
BRDA:244,85,1,0
BRDA:245,86,0,0
BRDA:245,86,1,0
BRDA:246,87,0,0
BRDA:246,87,1,0
BRDA:266,88,0,0
BRDA:266,88,1,0
BRDA:274,89,0,0
BRDA:274,89,1,0
BRDA:276,90,0,0
BRDA:276,90,1,0
BRDA:280,91,0,0
BRDA:280,91,1,0
BRDA:281,92,0,0
BRDA:281,92,1,0
BRDA:282,93,0,0
BRDA:282,93,1,0
BRDA:288,94,0,0
BRDA:288,94,1,0
BRDA:292,95,0,0
BRDA:292,95,1,0
BRDA:293,96,0,0
BRDA:293,96,1,0
BRDA:297,97,0,0
BRDA:297,97,1,0
BRDA:299,98,0,0
BRDA:299,98,1,0
BRDA:299,98,2,0
BRDA:306,99,0,0
BRDA:306,99,1,0
BRDA:307,100,0,0
BRDA:307,100,1,0
BRDA:308,101,0,0
BRDA:308,101,1,0
BRDA:312,102,0,0
BRDA:312,102,1,0
BRDA:316,103,0,0
BRDA:316,103,1,0
BRDA:316,104,0,0
BRDA:316,104,1,0
BRDA:316,105,0,0
BRDA:316,105,1,0
BRDA:317,106,0,0
BRDA:317,106,1,0
BRDA:317,107,0,0
BRDA:317,107,1,0
BRDA:318,108,0,0
BRDA:318,108,1,0
BRDA:318,109,0,0
BRDA:318,109,1,0
BRDA:319,110,0,0
BRDA:319,110,1,0
BRDA:319,111,0,0
BRDA:319,111,1,0
BRDA:327,112,0,0
BRDA:327,112,1,0
BRDA:328,113,0,0
BRDA:328,113,1,0
BRDA:328,114,0,0
BRDA:328,114,1,0
BRDA:331,115,0,0
BRDA:331,115,1,0
BRDA:331,116,0,0
BRDA:331,116,1,0
BRDA:342,117,0,0
BRDA:342,117,1,0
BRDA:342,118,0,0
BRDA:342,118,1,0
BRDA:352,119,0,0
BRDA:352,119,1,0
BRDA:354,120,0,0
BRDA:354,120,1,0
BRDA:364,121,0,0
BRDA:364,121,1,0
BRDA:366,122,0,0
BRDA:366,122,1,0
BRDA:367,123,0,0
BRDA:367,123,1,0
BRDA:367,124,0,0
BRDA:367,124,1,0
BRDA:367,125,0,0
BRDA:367,125,1,0
BRDA:367,126,0,0
BRDA:367,126,1,0
BRDA:367,127,0,0
BRDA:367,127,1,0
BRDA:369,128,0,0
BRDA:369,128,1,0
BRDA:369,129,0,0
BRDA:369,129,1,0
BRDA:370,130,0,0
BRDA:370,130,1,0
BRDA:370,131,0,0
BRDA:370,131,1,0
BRDA:370,132,0,0
BRDA:370,132,1,0
BRDA:371,133,0,0
BRDA:371,133,1,0
BRDA:371,134,0,0
BRDA:371,134,1,0
BRDA:372,135,0,0
BRDA:372,135,1,0
BRDA:373,136,0,0
BRDA:373,136,1,0
BRDA:374,137,0,0
BRDA:374,137,1,0
BRDA:375,138,0,0
BRDA:375,138,1,0
BRDA:376,139,0,0
BRDA:376,139,1,0
BRDA:377,140,0,0
BRDA:377,140,1,0
BRDA:378,141,0,0
BRDA:378,141,1,0
BRDA:379,142,0,0
BRDA:379,142,1,0
BRDA:381,143,0,0
BRDA:381,143,1,0
BRDA:383,144,0,0
BRDA:383,144,1,0
BRDA:383,145,0,0
BRDA:383,145,1,0
BRDA:384,146,0,0
BRDA:384,146,1,0
BRDA:385,147,0,0
BRDA:385,147,1,0
BRDA:386,148,0,0
BRDA:386,148,1,0
BRDA:387,149,0,0
BRDA:387,149,1,0
BRDA:389,150,0,0
BRDA:389,150,1,0
BRDA:389,151,0,0
BRDA:389,151,1,0
BRDA:389,152,0,0
BRDA:389,152,1,0
BRDA:390,153,0,0
BRDA:390,153,1,0
BRDA:391,154,0,0
BRDA:391,154,1,0
[...]
BRDA:923,281,1,0
BRDA:929,282,0,0
BRDA:929,282,1,0
BRDA:930,283,0,0
BRDA:930,283,1,0
BRDA:931,284,0,0
BRDA:931,284,1,0
BRDA:937,285,0,0
BRDA:937,285,1,0
BRDA:939,286,0,0
BRDA:939,286,1,0
BRDA:940,287,0,0
BRDA:940,287,1,0
BRDA:946,288,0,0
BRDA:946,288,1,0
BRDA:949,289,0,0
BRDA:949,289,1,0
BRDA:950,290,0,0
BRDA:950,290,1,0
BRDA:950,291,0,0
BRDA:950,291,1,0
BRDA:954,292,0,0
BRDA:954,292,1,0
BRDA:959,293,0,0
BRDA:959,293,1,0
BRDA:971,294,0,0
BRDA:971,294,1,0
BRDA:972,295,0,0
BRDA:972,295,1,0
BRDA:978,296,0,0
BRDA:978,296,1,0
BRDA:980,297,0,0
BRDA:980,297,1,0
BRDA:981,298,0,0
BRDA:981,298,1,0
BRDA:983,299,0,0
BRDA:983,299,1,0
BRDA:984,300,0,0
BRDA:984,300,1,0
BRDA:1006,301,0,0
BRDA:1006,301,1,0
BRDA:1010,302,0,0
BRDA:1010,302,1,0
BRDA:1013,303,0,0
BRDA:1013,303,1,0
BRDA:1015,304,0,0
BRDA:1015,304,1,0
BRDA:1020,305,0,0
BRDA:1020,305,1,0
BRDA:1023,306,0,0
BRDA:1023,306,1,0
BRDA:1043,307,0,0
BRDA:1043,307,1,0
BRDA:1046,308,0,0
BRDA:1046,308,1,0
BRDA:1049,309,0,0
BRDA:1049,309,1,0
BRDA:1050,310,0,0
BRDA:1050,310,1,0
BRDA:1050,311,0,0
BRDA:1050,311,1,0
BRDA:1050,311,2,0
BRDA:1059,312,0,0
BRDA:1059,312,1,0
BRDA:1059,313,0,0
BRDA:1059,313,1,0
BRDA:1072,314,0,0
BRDA:1072,315,0,0
BRDA:1081,316,0,0
BRDA:1081,316,1,0
BRDA:1081,317,0,0
BRDA:1081,317,1,0
BRDA:1083,318,0,0
BRDA:1083,318,1,0
BRDA:1090,319,0,0
BRDA:1090,319,1,0
BRDA:1092,320,0,0
BRDA:1092,320,1,0
BRDA:1095,321,0,0
BRDA:1095,321,1,0
BRDA:1096,322,0,0
BRDA:1096,322,1,0
BRDA:1098,323,0,0
BRDA:1098,323,1,0
BRDA:1100,324,0,0
BRDA:1100,324,1,0
BRDA:1103,325,0,0
BRDA:1103,325,1,0
BRDA:1105,326,0,0
BRDA:1105,326,1,0
BRDA:1109,327,0,0
BRDA:1109,327,1,0
BRDA:1109,328,0,0
BRDA:1109,328,1,0
BRDA:1114,329,0,0
BRDA:1114,329,1,0
BRDA:1119,330,0,0
BRDA:1119,330,1,0
BRDA:1120,331,0,0
BRDA:1120,331,1,0
BRDA:1124,332,0,0
BRDA:1124,332,1,0
BRDA:1129,333,0,0
BRDA:1129,333,1,0
BRDA:1129,334,0,0
BRDA:1129,334,1,0
BRDA:1129,334,2,0
BRDA:1133,335,0,0
BRDA:1133,335,1,0
BRDA:1139,336,0,0
BRDA:1139,336,1,0
BRDA:1139,337,0,0
BRDA:1139,337,1,0
BRDA:1143,338,0,0
BRDA:1143,338,1,0
BRDA:1169,339,0,0
BRDA:1169,339,1,0
BRDA:1176,340,0,0
BRDA:1176,340,1,0
BRDA:1179,341,0,0
BRDA:1179,341,1,0
BRDA:1182,342,0,0
BRDA:1182,342,1,0
BRDA:1189,343,0,0
BRDA:1189,343,1,0
BRDA:1193,344,0,0
BRDA:1193,344,1,0
BRDA:1195,345,0,0
BRDA:1195,345,1,0
BRDA:1195,346,0,0
BRDA:1195,346,1,0
BRDA:1195,347,0,0
BRDA:1195,347,1,0
BRDA:1205,348,0,0
BRDA:1205,348,1,0
BRDA:1207,349,0,0
BRDA:1207,349,1,0
BRDA:1207,350,0,0
BRDA:1207,350,1,0
BRDA:1221,351,0,0
BRDA:1221,351,1,0
BRDA:1222,352,0,0
BRDA:1222,352,1,0
BRDA:1224,353,0,0
BRDA:1224,353,1,0
BRDA:1231,354,0,0
BRDA:1231,354,1,0
BRDA:1233,355,0,0
BRDA:1233,355,1,0
BRDA:1233,356,0,0
BRDA:1233,356,1,0
BRDA:1237,357,0,0
BRDA:1237,357,1,0
BRDA:1248,358,0,0
BRDA:1248,358,1,0
BRDA:1249,359,0,0
BRDA:1249,359,1,0
BRDA:1261,360,0,0
BRDA:1261,360,1,0
BRDA:1262,361,0,0
BRDA:1262,361,1,0
BRDA:1272,362,0,0
BRDA:1272,362,1,0
BRDA:1274,363,0,0
BRDA:1274,363,1,0
BRDA:1276,364,0,0
BRDA:1276,364,1,0
BRDA:1287,365,0,0
BRDA:1287,365,1,0
BRDA:1289,366,0,0
BRDA:1289,366,1,0
BRDA:1291,367,0,0
BRDA:1291,367,1,0
BRDA:1299,368,0,0
BRDA:1300,369,0,0
BRDA:1300,369,1,0
BRDA:1302,370,0,0
BRDA:1302,370,1,0
BRDA:1304,371,0,0
BRDA:1304,371,1,0
BRDA:1308,372,0,0
BRDA:1308,372,1,0
BRDA:1314,373,0,0
BRDA:1314,373,1,0
BRDA:1317,374,0,0
BRDA:1317,374,1,0
BRDA:1323,375,0,0
BRDA:1323,375,1,0
BRDA:1338,376,0,0
BRDA:1338,376,1,0
BRDA:1341,377,0,0
BRDA:1341,377,1,0
BRDA:1343,378,0,0
BRDA:1343,378,1,0
BRDA:1350,379,0,0
BRDA:1350,379,1,0
BRDA:1352,380,0,0
BRDA:1352,380,1,0
BRDA:1355,381,0,0
BRDA:1355,381,1,0
BRDA:1355,382,0,0
BRDA:1355,382,1,0
BRDA:1361,383,0,0
BRDA:1361,383,1,0
BRDA:1361,384,0,0
BRDA:1361,384,1,0
BRDA:1377,385,0,0
BRDA:1377,385,1,0
BRDA:1389,386,0,0
BRDA:1389,386,1,0
BRDA:1392,387,0,0
BRDA:1392,387,1,0
BRDA:1394,388,0,0
BRDA:1394,388,1,0
BRDA:1401,389,0,0
BRDA:1401,389,1,0
BRDA:1403,390,0,0
BRDA:1403,390,1,0
BRDA:1404,391,0,0
BRDA:1404,391,1,0
BRDA:1407,392,0,0
BRDA:1407,392,1,0
BRDA:1420,393,0,0
BRDA:1420,393,1,0
BRDA:1423,394,0,0
BRDA:1423,394,1,0
BRDA:1425,395,0,0
BRDA:1425,395,1,0
BRDA:1425,396,0,0
BRDA:1425,396,1,0
BRDA:1425,397,0,0
BRDA:1425,397,1,0
BRDA:1425,398,0,0
BRDA:1425,398,1,0
BRDA:1425,399,0,0
BRDA:1425,399,1,0
BRDA:1425,400,0,0
BRDA:1425,400,1,0
BRDA:1431,401,0,0
BRDA:1431,401,1,0
BRDA:1434,402,0,0
BRDA:1434,402,1,0
BRDA:1454,403,0,0
BRDA:1454,403,1,0
BRDA:1459,404,0,0
BRDA:1459,404,1,0
BRDA:1460,405,0,0
BRDA:1460,405,1,0
BRDA:1468,406,0,0
BRDA:1468,406,1,0
BRDA:1474,407,0,0
BRDA:1474,407,1,0
BRDA:1482,408,0,0
BRDA:1482,408,1,0
BRDA:1482,409,0,0
BRDA:1482,409,1,0
BRDA:1482,409,2,0
BRDA:1486,410,0,0
BRDA:1486,410,1,0
BRDA:1488,411,0,0
BRDA:1488,411,1,0
BRDA:1501,412,0,0
BRDA:1501,412,1,0
BRDA:1505,413,0,0
BRDA:1505,413,1,0
BRDA:1515,414,0,0
BRDA:1515,414,1,0
BRDA:1517,415,0,0
BRDA:1517,415,1,0
BRDA:1518,416,0,0
BRDA:1518,416,1,0
BRDA:1518,417,0,0
BRDA:1518,417,1,0
BRDA:1518,418,0,0
BRDA:1518,418,1,0
BRDA:1518,419,0,0
BRDA:1518,419,1,0
BRDA:1518,420,0,0
BRDA:1518,420,1,0
BRDA:1533,421,0,0
BRDA:1533,421,1,0
BRDA:1534,422,0,0
BRDA:1534,422,1,0
BRDA:1534,423,0,0
BRDA:1534,423,1,0
BRDA:1540,424,0,0
BRDA:1540,424,1,0
BRDA:1540,425,0,0
BRDA:1540,425,1,0
BRDA:1555,426,0,0
BRDA:1555,426,1,0
BRDA:1593,427,0,0
BRDA:1593,427,1,0
BRDA:1601,428,0,0
BRDA:1601,428,1,0
BRDA:1604,429,0,0
BRDA:1604,429,1,0
BRDA:1613,430,0,0
BRDA:1613,430,1,0
BRDA:1614,431,0,0
BRDA:1614,431,1,0
BRDA:1615,432,0,0
BRDA:1615,432,1,0
BRDA:1616,433,0,0
BRDA:1616,433,1,0
BRDA:1631,434,0,0
BRDA:1631,434,1,0
BRDA:1632,435,0,0
BRDA:1632,435,1,0
BRDA:1632,436,0,0
BRDA:1632,436,1,0
BRDA:1645,437,0,0
BRDA:1645,437,1,0
BRDA:1648,438,0,0
BRDA:1648,438,1,0
BRDA:1650,439,0,0
BRDA:1650,439,1,0
BRDA:1651,440,0,0
BRDA:1651,440,1,0
BRDA:1657,441,0,0
BRDA:1657,441,1,0
BRDA:1657,442,0,0
BRDA:1657,442,1,0
BRDA:1659,443,0,0
BRDA:1659,443,1,0
BRDA:1674,444,0,0
BRDA:1674,444,1,0
BRDA:1674,445,0,0
BRDA:1674,445,1,0
BRDA:1675,446,0,0
BRDA:1675,446,1,0
BRDA:1681,447,0,0
BRDA:1681,447,1,0
BRDA:1687,448,0,0
BRDA:1687,448,1,0
BRDA:1689,449,0,0
BRDA:1689,449,1,0
BRDA:1698,450,0,0
BRDA:1698,450,1,0
BRDA:1707,451,0,0
BRDA:1707,451,1,0
BRDA:1711,452,0,0
BRDA:1711,452,1,0
BRDA:1716,453,0,0
BRDA:1716,453,1,0
BRDA:1717,454,0,0
BRDA:1717,454,1,0
BRDA:1717,455,0,0
BRDA:1717,455,1,0
BRDA:1719,456,0,0
BRDA:1719,456,1,0
BRDA:1726,457,0,0
BRDA:1726,457,1,0
BRDA:1726,458,0,0
BRDA:1726,458,1,0
BRDA:1731,459,0,0
BRDA:1731,459,1,0
BRDA:1731,460,0,0
BRDA:1731,460,1,0
BRDA:1739,461,0,0
BRDA:1739,461,1,0
BRDA:1743,462,0,0
BRDA:1743,462,1,0
BRDA:1755,463,0,0
BRDA:1755,463,1,0
BRDA:1759,464,0,0
BRDA:1759,464,1,0
BRDA:1760,465,0,0
BRDA:1760,465,1,0
BRDA:1769,466,0,0
BRDA:1769,466,1,0
BRDA:1771,467,0,0
BRDA:1771,467,1,0
BRDA:1781,468,0,0
BRDA:1781,468,1,0
BRDA:1781,469,0,0
BRDA:1781,469,1,0
BRDA:1787,470,0,0
BRDA:1787,470,1,0
BRDA:1787,471,0,0
BRDA:1787,471,1,0
BRDA:1792,472,0,0
BRDA:1792,472,1,0
BRDA:1795,473,0,0
BRDA:1795,473,1,0
BRDA:1797,474,0,0
BRDA:1797,474,1,0
BRDA:1798,475,0,0
BRDA:1798,475,1,0
BRDA:1812,476,0,0
BRDA:1812,476,1,0
BRDA:1814,477,0,0
BRDA:1814,477,1,0
BRDA:1826,478,0,0
BRDA:1826,478,1,0
BRDA:1828,479,0,0
BRDA:1828,479,1,0
BRDA:1828,480,0,0
BRDA:1828,480,1,0
BRDA:1830,481,0,0
BRDA:1830,481,1,0
BRDA:1845,482,0,0
BRDA:1845,482,1,0
BRDA:1845,483,0,0
BRDA:1845,483,1,0
BRDA:1845,483,2,0
BRDA:1859,484,0,0
BRDA:1859,484,1,0
BRDA:1863,485,0,0
BRDA:1863,485,1,0
BRDA:1864,486,0,0
BRDA:1864,486,1,0
BRDA:1869,487,0,0
BRDA:1869,487,1,0
BRDA:1880,488,0,0
BRDA:1880,488,1,0
BRDA:1880,489,0,0
BRDA:1880,489,1,0
BRDA:1882,490,0,0
BRDA:1882,490,1,0
BRDA:1883,491,0,0
BRDA:1883,491,1,0
BRDA:1887,492,0,0
BRDA:1887,492,1,0
BRDA:1889,493,0,0
BRDA:1889,493,1,0
BRDA:1898,494,0,0
BRDA:1898,494,1,0
BRDA:1903,495,0,0
BRDA:1903,495,1,0
BRDA:1903,496,0,0
BRDA:1903,496,1,0
BRDA:1904,497,0,0
BRDA:1904,497,1,0
BRDA:1908,498,0,0
BRDA:1908,498,1,0
BRDA:1909,499,0,0
BRDA:1909,499,1,0
BRDA:1913,500,0,0
BRDA:1913,500,1,0
BRDA:1914,501,0,0
BRDA:1914,501,1,0
BRDA:1918,502,0,0
BRDA:1918,502,1,0
BRDA:1919,503,0,0
BRDA:1919,503,1,0
BRDA:1923,504,0,0
BRDA:1923,504,1,0
BRDA:1924,505,0,0
BRDA:1924,505,1,0
BRDA:1930,506,0,0
BRDA:1930,506,1,0
BRDA:1930,507,0,0
BRDA:1930,507,1,0
BRDA:1931,508,0,0
BRDA:1931,508,1,0
BRDA:1931,509,0,0
BRDA:1931,509,1,0
BRDA:1936,510,0,0
BRDA:1936,510,1,0
BRDA:1952,511,0,0
BRDA:1952,511,1,0
BRDA:1955,512,0,0
BRDA:1955,512,1,0
BRDA:1967,513,0,0
BRDA:1967,513,1,0
BRDA:1969,514,0,0
BRDA:1969,514,1,0
BRDA:1972,515,0,0
BRDA:1972,515,1,0
BRDA:1980,516,0,0
BRDA:1980,516,1,0
BRDA:1981,517,0,0
BRDA:1981,517,1,0
BRDA:1984,518,0,0
BRDA:1984,518,1,0
BRDA:1985,519,0,0
BRDA:1985,519,1,0
BRDA:1989,520,0,0
BRDA:1989,520,1,0
BRDA:1993,521,0,0
BRDA:1993,521,1,0
BRDA:1993,522,0,0
BRDA:1993,522,1,0
BRDA:1993,522,2,0
BRDA:1997,523,0,0
BRDA:1997,523,1,0
BRDA:2003,524,0,0
BRDA:2003,524,1,0
BRDA:2007,525,0,0
BRDA:2007,525,1,0
BRDA:2013,526,0,0
BRDA:2013,526,1,0
BRDA:2031,527,0,0
BRDA:2031,527,1,0
BRDA:2031,528,0,0
BRDA:2031,528,1,0
BRDA:2034,529,0,0
BRDA:2034,529,1,0
BRDA:2035,530,0,0
BRDA:2035,530,1,0
BRDA:2060,531,0,0
BRDA:2060,531,1,0
BRDA:2067,532,0,0
BRDA:2067,532,1,0
BRDA:2068,533,0,0
BRDA:2068,533,1,0
BRDA:2068,534,0,0
BRDA:2068,534,1,0
BRDA:2069,535,0,0
BRDA:2069,535,1,0
BRDA:2070,536,0,0
BRDA:2070,536,1,0
BRDA:2075,537,0,0
BRDA:2075,537,1,0
BRDA:2079,538,0,0
BRDA:2079,538,1,0
BRDA:2080,539,0,0
BRDA:2080,539,1,0
BRDA:2081,540,0,0
BRDA:2081,540,1,0
BRDA:2082,541,0,0
BRDA:2082,541,1,0
BRDA:2091,542,0,0
BRDA:2091,542,1,0
BRDA:2092,543,0,0
BRDA:2092,543,1,0
BRDA:2093,544,0,0
BRDA:2093,544,1,0
BRDA:2097,545,0,0
BRDA:2097,545,1,0
BRDA:2098,546,0,0
BRDA:2098,546,1,0
BRDA:2100,547,0,0
BRDA:2100,547,1,0
BRDA:2101,548,0,0
BRDA:2101,548,1,0
BRDA:2104,549,0,0
BRDA:2104,549,1,0
BRDA:2104,550,0,0
BRDA:2104,550,1,0
BRDA:2105,551,0,0
BRDA:2105,551,1,0
BRDA:2106,552,0,0
BRDA:2106,552,1,0
BRDA:2109,553,0,0
BRDA:2109,553,1,0
BRDA:2110,554,0,0
BRDA:2110,554,1,0
BRDA:2112,555,0,0
BRDA:2112,555,1,0
BRDA:2114,556,0,0
BRDA:2114,556,1,0
BRDA:2119,557,0,0
BRDA:2119,557,1,0
BRDA:2128,558,0,0
BRDA:2128,558,1,0
BRDA:2129,559,0,0
BRDA:2129,559,1,0
BRDA:2131,560,0,0
BRDA:2131,560,1,0
BRDA:2138,561,0,0
BRDA:2138,561,1,0
BRDA:2140,562,0,0
BRDA:2140,562,1,0
BRDA:2151,563,0,0
BRDA:2151,563,1,0
BRDA:2152,564,0,0
BRDA:2152,564,1,0
BRDA:2155,565,0,0
BRDA:2155,565,1,0
BRDA:2158,566,0,0
BRDA:2158,566,1,0
BRDA:2162,567,0,0
BRDA:2162,567,1,0
BRDA:2169,568,0,0
BRDA:2169,568,1,0
BRDA:2170,569,0,0
BRDA:2170,569,1,0
BRDA:2175,570,0,0
BRDA:2175,570,1,0
BRDA:2179,571,0,0
BRDA:2179,571,1,0
BRDA:2182,572,0,0
BRDA:2182,572,1,0
BRDA:2193,573,0,0
BRDA:2193,573,1,0
BRDA:2197,574,0,0
BRDA:2197,574,1,0
BRDA:2197,575,0,0
BRDA:2197,575,1,0
BRDA:2197,575,2,0
BRDA:2202,576,0,0
BRDA:2202,576,1,0
BRDA:2202,577,0,0
BRDA:2202,577,1,0
BRDA:2204,578,0,0
BRDA:2204,578,1,0
BRDA:2205,579,0,0
BRDA:2205,579,1,0
BRDA:2212,580,0,0
BRDA:2212,580,1,0
BRDA:2212,581,0,0
BRDA:2212,581,1,0
BRDA:2214,582,0,0
BRDA:2214,582,1,0
BRDA:2214,583,0,0
BRDA:2214,583,1,0
BRDA:2226,584,0,0
BRDA:2226,584,1,0
BRDA:2234,585,0,0
BRDA:2234,585,1,0
BRDA:2241,586,0,0
BRDA:2241,586,1,0
BRDA:2248,587,0,0
BRDA:2248,587,1,0
BRDA:2258,588,0,0
BRDA:2258,588,1,0
BRDA:2258,589,0,0
BRDA:2258,589,1,0
BRDA:2258,589,2,0
BRDA:2262,590,0,0
BRDA:2262,590,1,0
BRDA:2263,591,0,0
BRDA:2263,591,1,0
BRDA:2265,592,0,0
BRDA:2265,592,1,0
BRDA:2271,593,0,0
BRDA:2271,593,1,0
BRDA:2278,594,0,0
BRDA:2278,594,1,0
BRDA:2280,595,0,0
BRDA:2280,595,1,0
BRDA:2280,596,0,0
BRDA:2280,596,1,0
BRDA:2286,597,0,0
BRDA:2286,597,1,0
BRDA:2286,598,0,0
BRDA:2286,598,1,0
BRDA:2288,599,0,0
BRDA:2288,599,1,0
BRDA:2295,600,0,0
BRDA:2295,600,1,0
BRDA:2295,601,0,0
BRDA:2295,601,1,0
BRDA:2295,601,2,0
BRDA:2300,602,0,0
BRDA:2300,602,1,0
BRDA:2303,603,0,0
BRDA:2303,603,1,0
BRDA:2307,604,0,0
BRDA:2307,604,1,0
BRDA:2307,605,0,0
BRDA:2307,605,1,0
BRDA:2314,606,0,0
BRDA:2314,606,1,0
BRDA:2314,607,0,0
BRDA:2314,607,1,0
BRDA:2325,608,0,0
BRDA:2325,608,1,1
BRDA:2336,609,0,1
BRDA:2336,609,1,0
BRDA:2339,610,0,1
BRDA:2339,610,1,0
BRDA:2341,611,0,0
BRDA:2341,611,1,1
BRDA:2341,612,0,1
BRDA:2341,612,1,0
BRDA:2341,612,2,0
BRDA:2341,612,3,0
BRDA:2342,613,0,0
BRDA:2342,613,1,0
BRDA:2348,614,0,1
BRDA:2348,614,1,0
BRDA:2349,615,0,1
BRDA:2349,615,1,0
BRDA:2368,616,0,1
BRDA:2368,616,1,0
BRDA:2373,617,0,0
BRDA:2373,617,1,0
BRDA:2373,618,0,0
BRDA:2373,618,1,0
BRDA:2373,619,0,0
BRDA:2373,619,1,0
BRDA:2374,620,0,0
BRDA:2374,620,1,0
BRDA:2376,621,0,0
BRDA:2376,621,1,0
BRDA:2380,622,0,0
BRDA:2380,622,1,0
BRDA:2385,623,0,0
BRDA:2385,623,1,0
BRDA:2388,624,0,0
BRDA:2388,624,1,0
BRDA:2392,625,0,0
BRDA:2392,625,1,0
BRDA:2395,626,0,0
BRDA:2395,626,1,0
BRDA:2397,627,0,0
BRDA:2397,627,1,0
BRDA:2398,628,0,0
BRDA:2398,628,1,0
BRDA:2399,629,0,0
BRDA:2399,629,1,0
BRDA:2400,630,0,0
BRDA:2400,630,1,0
BRDA:2401,631,0,0
BRDA:2401,631,1,0
BRDA:2407,632,0,0
BRDA:2407,632,1,0
BRDA:2415,633,0,0
BRDA:2415,633,1,0
BRDA:2415,634,0,0
BRDA:2415,634,1,0
BRDA:2415,635,0,0
BRDA:2415,635,1,0
BRDA:2417,636,0,0
BRDA:2417,636,1,0
BRDA:2420,637,0,0
BRDA:2420,637,1,0
BRDA:2423,638,0,0
BRDA:2423,638,1,0
BRDA:2429,639,0,0
BRDA:2429,639,1,0
BRDA:2429,640,0,0
BRDA:2429,640,1,0
BRDA:2429,641,0,0
BRDA:2429,641,1,0
BRDA:2431,642,0,0
BRDA:2431,642,1,0
BRDA:2436,643,0,0
BRDA:2436,643,1,0
BRDA:2442,644,0,0
BRDA:2442,644,1,0
BRDA:2451,645,0,0
BRDA:2451,645,1,0
BRDA:2452,646,0,0
BRDA:2452,646,1,0
BRDA:2464,647,0,0
BRDA:2464,647,1,0
BRDA:2465,648,0,0
BRDA:2465,648,1,0
BRDA:2466,649,0,0
BRDA:2466,649,1,0
BRDA:2468,650,0,0
BRDA:2468,650,1,0
BRDA:2470,651,0,0
BRDA:2470,651,1,0
BRDA:2475,652,0,0
BRDA:2475,652,1,0
BRDA:2475,653,0,0
BRDA:2475,653,1,0
BRDA:2477,654,0,0
BRDA:2477,654,1,0
BRDA:2490,655,0,0
BRDA:2490,655,1,0
BRDA:2490,656,0,0
BRDA:2490,656,1,0
BRDA:2491,657,0,0
BRDA:2491,657,1,0
BRDA:2497,658,0,0
BRDA:2497,658,1,0
BRDA:2502,659,0,0
BRDA:2502,659,1,0
BRDA:2510,660,0,0
BRDA:2510,660,1,0
BRDA:2516,661,0,0
BRDA:2516,661,1,0
BRDA:2530,662,0,0
BRDA:2530,662,1,0
BRDA:2533,663,0,0
BRDA:2533,663,1,0
BRDA:2547,664,0,0
BRDA:2547,664,1,0
BRDA:2552,665,0,0
BRDA:2552,665,1,0
BRDA:2552,666,0,0
BRDA:2552,666,1,0
BRDA:2555,667,0,0
BRDA:2555,667,1,0
BRDA:2556,668,0,0
BRDA:2556,668,1,0
BRDA:2557,669,0,0
BRDA:2557,669,1,0
BRDA:2561,670,0,0
BRDA:2561,670,1,0
BRDA:2575,671,0,0
BRDA:2575,671,1,0
BRDA:2577,672,0,0
BRDA:2577,672,1,0
BRDA:2578,673,0,0
BRDA:2578,673,1,0
BRDA:2581,674,0,0
BRDA:2581,674,1,0
BRDA:2582,675,0,0
BRDA:2582,675,1,0
BRDA:2597,676,0,0
BRDA:2597,676,1,0
BRDA:2601,677,0,0
BRDA:2601,677,1,0
BRDA:2602,678,0,0
BRDA:2602,678,1,0
BRDA:2608,679,0,0
BRDA:2608,679,1,0
BRDA:2610,680,0,0
BRDA:2610,680,1,0
BRDA:2610,681,0,0
BRDA:2610,681,1,0
BRDA:2612,682,0,0
BRDA:2612,682,1,0
BRDA:2624,683,0,0
BRDA:2624,683,1,0
BRDA:2625,684,0,0
BRDA:2625,684,1,0
BRDA:2634,685,0,0
BRDA:2634,685,1,0
BRDA:2640,686,0,0
BRDA:2640,686,1,0
BRDA:2646,687,0,0
BRDA:2646,687,1,0
BRDA:2647,688,0,0
BRDA:2647,688,1,0
BRDA:2654,689,0,0
BRDA:2654,689,1,0
BRDA:2660,690,0,0
BRDA:2660,690,1,0
BRDA:2660,691,0,0
BRDA:2660,691,1,0
BRDA:2661,692,0,0
BRDA:2661,692,1,0
BRDA:2661,693,0,0
BRDA:2661,693,1,0
BRDA:2668,694,0,0
BRDA:2668,694,1,0
BRDA:2670,695,0,0
BRDA:2670,695,1,0
BRDA:2673,696,0,0
BRDA:2673,696,1,0
BRDA:2675,697,0,0
BRDA:2675,697,1,0
BRDA:2676,698,0,0
BRDA:2676,698,1,0
BRDA:2678,699,0,0
BRDA:2678,699,1,0
BRDA:2685,700,0,0
BRDA:2685,700,1,0
BRDA:2690,701,0,0
BRDA:2690,701,1,0
BRDA:2695,702,0,0
BRDA:2695,702,1,0
BRDA:2697,703,0,0
BRDA:2697,703,1,0
BRDA:2705,704,0,0
BRDA:2705,704,1,0
BRDA:2707,705,0,0
BRDA:2707,705,1,0
BRDA:2707,706,0,0
BRDA:2707,706,1,0
BRDA:2722,707,0,0
BRDA:2722,707,1,0
BRDA:2722,708,0,0
BRDA:2722,708,1,0
BRDA:2725,709,0,0
BRDA:2725,709,1,0
BRDA:2727,710,0,0
BRDA:2727,710,1,0
BRDA:2728,711,0,0
BRDA:2728,711,1,0
BRDA:2735,712,0,0
BRDA:2735,712,1,0
BRDA:2742,713,0,0
BRDA:2742,713,1,1
BRDA:2749,714,0,1
BRDA:2749,714,1,0
BRDA:2753,715,0,0
BRDA:2753,715,1,0
BRDA:2757,716,0,0
BRDA:2757,716,1,0
BRDA:2763,717,0,0
BRDA:2763,717,1,0
BRDA:2769,718,0,0
BRDA:2769,718,1,0
BRDA:2774,719,0,0
BRDA:2774,719,1,0
BRDA:2779,720,0,0
BRDA:2779,720,1,0
BRDA:2780,721,0,0
BRDA:2780,721,1,0
BRDA:2787,722,0,0
BRDA:2787,722,1,0
BRDA:2794,723,0,0
BRDA:2794,723,1,0
BRDA:2800,724,0,0
BRDA:2800,724,1,0
BRDA:2800,725,0,0
BRDA:2800,725,1,0
BRDA:2805,726,0,0
BRDA:2805,726,1,0
BRDA:2812,727,0,0
BRDA:2812,727,1,0
BRDA:2814,728,0,0
BRDA:2814,728,1,0
BRDA:2814,729,0,0
BRDA:2814,729,1,0
BRDA:2818,730,0,0
BRDA:2818,730,1,0
BRDA:2829,731,0,0
BRDA:2829,731,1,0
BRDA:2829,732,0,0
BRDA:2829,732,1,0
BRDA:2832,733,0,0
BRDA:2832,733,1,0
BRDA:2834,734,0,0
BRDA:2834,734,1,0
BRDA:2835,735,0,0
BRDA:2835,735,1,0
BRDA:2835,736,0,0
BRDA:2835,736,1,0
BRDA:2847,737,0,0
BRDA:2847,737,1,0
BRDA:2847,738,0,0
BRDA:2847,738,1,0
BRDA:2850,739,0,0
BRDA:2850,739,1,0
BRDA:2852,740,0,0
BRDA:2852,740,1,0
BRDA:2853,741,0,0
BRDA:2853,741,1,0
BRDA:2854,742,0,0
BRDA:2854,742,1,0
BRDA:2854,743,0,0
BRDA:2854,743,1,0
BRDA:2865,744,0,0
BRDA:2865,744,1,0
BRDA:2868,745,0,0
BRDA:2868,745,1,0
BRDA:2870,746,0,0
BRDA:2870,746,1,0
BRDA:2874,747,0,0
BRDA:2874,747,1,0
BRDA:2881,748,0,0
BRDA:2881,748,1,0
BRDA:2881,749,0,0
BRDA:2881,749,1,0
BRDA:2881,749,2,0
BRDA:2887,750,0,0
BRDA:2887,750,1,0
BRDA:2888,751,0,0
BRDA:2888,751,1,0
BRDA:2889,752,0,0
BRDA:2889,752,1,0
BRDA:2903,753,0,0
BRDA:2903,753,1,0
BRDA:2914,754,0,0
BRDA:2914,754,1,0
BRDA:2916,755,0,0
BRDA:2916,755,1,0
BRDA:2919,756,0,0
BRDA:2919,756,1,0
BRDA:2920,757,0,0
BRDA:2920,757,1,0
BRDA:2934,758,0,0
BRDA:2934,758,1,0
BRDA:2941,759,0,0
BRDA:2941,759,1,0
BRDA:2946,760,0,0
BRDA:2946,760,1,0
BRDA:2956,761,0,0
BRDA:2956,761,1,0
BRDA:2970,762,0,0
BRDA:2970,762,1,0
BRDA:2973,763,0,0
BRDA:2973,763,1,0
BRDA:2974,764,0,0
BRDA:2974,764,1,0
BRDA:2974,765,0,0
BRDA:2974,765,1,0
BRDA:2976,766,0,0
BRDA:2976,766,1,0
BRDA:2990,767,0,0
BRDA:2991,768,0,0
BRDA:2991,768,1,1
BRDA:2992,769,0,1
BRDA:2992,769,1,0
BRDA:2994,770,0,0
BRDA:2994,770,1,1
BRDA:2996,771,0,0
BRDA:2996,771,1,0
BRDA:2997,772,0,0
BRDA:2997,772,1,0
BRDA:2998,773,0,0
BRDA:2998,773,1,0
BRDA:3001,774,0,0
BRDA:3001,774,1,0
BRDA:3007,775,0,0
BRDA:3007,775,1,0
BRDA:3009,776,0,0
BRDA:3009,776,1,0
BRDA:3010,777,0,0
BRDA:3010,777,1,0
BRDA:3013,778,0,0
BRDA:3013,778,1,0
BRDA:3019,779,0,0
BRDA:3019,779,1,1
BRDA:3022,780,0,0
BRDA:3022,780,1,0
BRDA:3023,781,0,0
BRDA:3023,781,1,0
BRDA:3024,782,0,0
BRDA:3024,782,1,0
BRDA:3027,783,0,0
BRDA:3027,783,1,0
BRDA:3027,784,0,0
BRDA:3027,784,1,0
BRDA:3030,785,0,0
BRDA:3030,785,1,0
BRDA:3031,786,0,0
BRDA:3031,786,1,0
BRDA:3034,787,0,0
BRDA:3034,787,1,0
BRDA:3038,788,0,0
BRDA:3038,788,1,0
BRDA:3043,789,0,0
BRDA:3043,789,1,1
BRDA:3046,790,0,0
BRDA:3046,790,1,0
BRDA:3047,791,0,0
BRDA:3047,791,1,0
BRDA:3048,792,0,0
BRDA:3048,792,1,0
BRDA:3051,793,0,0
BRDA:3051,793,1,0
BRDA:3051,794,0,0
BRDA:3051,794,1,0
BRDA:3054,795,0,0
BRDA:3054,795,1,0
BRDA:3055,796,0,0
BRDA:3055,796,1,0
BRDA:3056,797,0,0
BRDA:3056,797,1,0
BRDA:3059,798,0,0
BRDA:3059,798,1,0
BRDA:3073,799,0,0
BRDA:3073,799,1,0
BRDA:3078,800,0,0
BRDA:3078,800,1,1
BRDA:3081,801,0,0
BRDA:3081,801,1,0
BRDA:3082,802,0,0
BRDA:3082,802,1,0
BRDA:3083,803,0,0
BRDA:3083,803,1,0
BRDA:3086,804,0,0
BRDA:3086,804,1,1
BRDA:3089,805,0,0
BRDA:3089,805,1,0
BRDA:3090,806,0,0
BRDA:3090,806,1,0
BRDA:3091,807,0,0
BRDA:3091,807,1,0
BRDA:3094,808,0,0
BRDA:3094,808,1,0
BRDA:3094,809,0,0
BRDA:3094,809,1,0
BRDA:3105,810,0,1
BRDA:3105,810,1,0
BRDA:3108,811,0,1
BRDA:3108,811,1,0
BRDA:3109,812,0,0
BRDA:3109,812,1,0
BRDA:3110,813,0,0
BRDA:3110,813,1,0
BRDA:3113,814,0,1
BRDA:3113,814,1,0
BRDA:3113,815,0,1
BRDA:3113,815,1,1
BRDA:3115,816,0,1
BRDA:3115,816,1,0
BRDA:3117,817,0,1
BRDA:3117,817,1,0
BRDA:3119,818,0,0
BRDA:3119,818,1,0
BRDA:3143,819,0,0
BRDA:3143,819,1,0
BRDA:3143,820,0,0
BRDA:3143,820,1,0
BRDA:3143,820,2,0
BRDA:3146,821,0,0
BRDA:3146,821,1,0
BRDA:3153,822,0,0
BRDA:3153,822,1,0
BRDA:3156,823,0,0
BRDA:3156,823,1,0
BRDA:3158,824,0,0
BRDA:3158,824,1,0
BRDA:3158,825,0,0
BRDA:3158,825,1,0
BRDA:3168,826,0,0
BRDA:3168,826,1,0
BRDA:3169,827,0,0
BRDA:3169,827,1,0
BRDA:3171,828,0,0
BRDA:3171,828,1,0
BRDA:3171,829,0,0
BRDA:3171,829,1,0
BRDA:3177,830,0,0
BRDA:3177,830,1,0
BRDA:3183,831,0,0
BRDA:3183,831,1,0
BRDA:3193,832,0,0
BRDA:3193,832,1,0
BRF:1682
BRH:60
end_of_record
